Vivado Simulator 2018.3
Time resolution is 1 ps
Block Memory Generator module astar_gnps_tb.u_astar_gnps.map_i.inst.native_mem_module.blk_mem_gen_v8_4_2_inst is using a behavioral model for simulation which will not precisely model memory collision behavior.
Block Memory Generator module astar_gnps_tb.u_astar_gnps.closelist_childy_i.inst.native_mem_module.blk_mem_gen_v8_4_2_inst is using a behavioral model for simulation which will not precisely model memory collision behavior.
Block Memory Generator module astar_gnps_tb.u_astar_gnps.closelist_childx_i.inst.native_mem_module.blk_mem_gen_v8_4_2_inst is using a behavioral model for simulation which will not precisely model memory collision behavior.
Block Memory Generator module astar_gnps_tb.u_astar_gnps.openlist_parenty_i.inst.native_mem_module.blk_mem_gen_v8_4_2_inst is using a behavioral model for simulation which will not precisely model memory collision behavior.
Block Memory Generator module astar_gnps_tb.u_astar_gnps.openlist_parentx_i.inst.native_mem_module.blk_mem_gen_v8_4_2_inst is using a behavioral model for simulation which will not precisely model memory collision behavior.
Block Memory Generator module astar_gnps_tb.u_astar_gnps.openlist_childy_i.inst.native_mem_module.blk_mem_gen_v8_4_2_inst is using a behavioral model for simulation which will not precisely model memory collision behavior.
Block Memory Generator module astar_gnps_tb.u_astar_gnps.openlist_childx_i.inst.native_mem_module.blk_mem_gen_v8_4_2_inst is using a behavioral model for simulation which will not precisely model memory collision behavior.
Block Memory Generator module astar_gnps_tb.u_astar_gnps.openlist_g1_i.inst.native_mem_module.blk_mem_gen_v8_4_2_inst is using a behavioral model for simulation which will not precisely model memory collision behavior.
Block Memory Generator module astar_gnps_tb.u_astar_gnps.openlist_g2_i.inst.native_mem_module.blk_mem_gen_v8_4_2_inst is using a behavioral model for simulation which will not precisely model memory collision behavior.
Block Memory Generator module astar_gnps_tb.u_astar_gnps.openlist_h_i.inst.native_mem_module.blk_mem_gen_v8_4_2_inst is using a behavioral model for simulation which will not precisely model memory collision behavior.
Block Memory Generator module astar_gnps_tb.u_astar_gnps.openlist_f_i.inst.native_mem_module.blk_mem_gen_v8_4_2_inst is using a behavioral model for simulation which will not precisely model memory collision behavior.
blk_mem_gen_v8_4_2 collision detected at time: 41340000, Instance: astar_gnps_tb.u_astar_gnps.openlist_g1_i.inst.native_mem_module.blk_mem_gen_v8_4_2_inst, A write address: 0, B read address: 0
blk_mem_gen_v8_4_2 collision detected at time: 41340000, Instance: astar_gnps_tb.u_astar_gnps.openlist_g2_i.inst.native_mem_module.blk_mem_gen_v8_4_2_inst, A write address: 0, B read address: 0
blk_mem_gen_v8_4_2 collision detected at time: 41360000, Instance: astar_gnps_tb.u_astar_gnps.openlist_g2_i.inst.native_mem_module.blk_mem_gen_v8_4_2_inst, A write address: 0, B read address: 0
blk_mem_gen_v8_4_2 collision detected at time: 42380000, Instance: astar_gnps_tb.u_astar_gnps.openlist_g1_i.inst.native_mem_module.blk_mem_gen_v8_4_2_inst, A write address: 3, B read address: 3
blk_mem_gen_v8_4_2 collision detected at time: 43640000, Instance: astar_gnps_tb.u_astar_gnps.openlist_g1_i.inst.native_mem_module.blk_mem_gen_v8_4_2_inst, A write address: 8, B read address: 8
blk_mem_gen_v8_4_2 collision detected at time: 45000000, Instance: astar_gnps_tb.u_astar_gnps.openlist_g1_i.inst.native_mem_module.blk_mem_gen_v8_4_2_inst, A write address: a, B read address: a
blk_mem_gen_v8_4_2 collision detected at time: 46460000, Instance: astar_gnps_tb.u_astar_gnps.openlist_g1_i.inst.native_mem_module.blk_mem_gen_v8_4_2_inst, A write address: c, B read address: c
blk_mem_gen_v8_4_2 collision detected at time: 48020000, Instance: astar_gnps_tb.u_astar_gnps.openlist_g1_i.inst.native_mem_module.blk_mem_gen_v8_4_2_inst, A write address: e, B read address: e
blk_mem_gen_v8_4_2 collision detected at time: 49680000, Instance: astar_gnps_tb.u_astar_gnps.openlist_g1_i.inst.native_mem_module.blk_mem_gen_v8_4_2_inst, A write address: 10, B read address: 10
blk_mem_gen_v8_4_2 collision detected at time: 51480000, Instance: astar_gnps_tb.u_astar_gnps.openlist_g1_i.inst.native_mem_module.blk_mem_gen_v8_4_2_inst, A write address: 13, B read address: 13
blk_mem_gen_v8_4_2 collision detected at time: 53500000, Instance: astar_gnps_tb.u_astar_gnps.openlist_g1_i.inst.native_mem_module.blk_mem_gen_v8_4_2_inst, A write address: 18, B read address: 18
blk_mem_gen_v8_4_2 collision detected at time: 55740000, Instance: astar_gnps_tb.u_astar_gnps.openlist_g1_i.inst.native_mem_module.blk_mem_gen_v8_4_2_inst, A write address: 1d, B read address: 1d
blk_mem_gen_v8_4_2 collision detected at time: 58200000, Instance: astar_gnps_tb.u_astar_gnps.openlist_g1_i.inst.native_mem_module.blk_mem_gen_v8_4_2_inst, A write address: 22, B read address: 22
blk_mem_gen_v8_4_2 collision detected at time: 60880000, Instance: astar_gnps_tb.u_astar_gnps.openlist_g1_i.inst.native_mem_module.blk_mem_gen_v8_4_2_inst, A write address: 27, B read address: 27
blk_mem_gen_v8_4_2 collision detected at time: 63780000, Instance: astar_gnps_tb.u_astar_gnps.openlist_g1_i.inst.native_mem_module.blk_mem_gen_v8_4_2_inst, A write address: 2c, B read address: 2c
blk_mem_gen_v8_4_2 collision detected at time: 66900000, Instance: astar_gnps_tb.u_astar_gnps.openlist_g1_i.inst.native_mem_module.blk_mem_gen_v8_4_2_inst, A write address: 31, B read address: 31
blk_mem_gen_v8_4_2 collision detected at time: 70240000, Instance: astar_gnps_tb.u_astar_gnps.openlist_g1_i.inst.native_mem_module.blk_mem_gen_v8_4_2_inst, A write address: 36, B read address: 36
blk_mem_gen_v8_4_2 collision detected at time: 73800000, Instance: astar_gnps_tb.u_astar_gnps.openlist_g1_i.inst.native_mem_module.blk_mem_gen_v8_4_2_inst, A write address: 3b, B read address: 3b
blk_mem_gen_v8_4_2 collision detected at time: 77580000, Instance: astar_gnps_tb.u_astar_gnps.openlist_g1_i.inst.native_mem_module.blk_mem_gen_v8_4_2_inst, A write address: 40, B read address: 40
blk_mem_gen_v8_4_2 collision detected at time: 81580000, Instance: astar_gnps_tb.u_astar_gnps.openlist_g1_i.inst.native_mem_module.blk_mem_gen_v8_4_2_inst, A write address: 45, B read address: 45
blk_mem_gen_v8_4_2 collision detected at time: 85800000, Instance: astar_gnps_tb.u_astar_gnps.openlist_g1_i.inst.native_mem_module.blk_mem_gen_v8_4_2_inst, A write address: 4a, B read address: 4a
blk_mem_gen_v8_4_2 collision detected at time: 90240000, Instance: astar_gnps_tb.u_astar_gnps.openlist_g1_i.inst.native_mem_module.blk_mem_gen_v8_4_2_inst, A write address: 4f, B read address: 4f
blk_mem_gen_v8_4_2 collision detected at time: 94900000, Instance: astar_gnps_tb.u_astar_gnps.openlist_g1_i.inst.native_mem_module.blk_mem_gen_v8_4_2_inst, A write address: 54, B read address: 54
blk_mem_gen_v8_4_2 collision detected at time: 99780000, Instance: astar_gnps_tb.u_astar_gnps.openlist_g1_i.inst.native_mem_module.blk_mem_gen_v8_4_2_inst, A write address: 59, B read address: 59
blk_mem_gen_v8_4_2 collision detected at time: 104880000, Instance: astar_gnps_tb.u_astar_gnps.openlist_g1_i.inst.native_mem_module.blk_mem_gen_v8_4_2_inst, A write address: 5e, B read address: 5e
blk_mem_gen_v8_4_2 collision detected at time: 110200000, Instance: astar_gnps_tb.u_astar_gnps.openlist_g1_i.inst.native_mem_module.blk_mem_gen_v8_4_2_inst, A write address: 63, B read address: 63
blk_mem_gen_v8_4_2 collision detected at time: 115740000, Instance: astar_gnps_tb.u_astar_gnps.openlist_g1_i.inst.native_mem_module.blk_mem_gen_v8_4_2_inst, A write address: 68, B read address: 68
blk_mem_gen_v8_4_2 collision detected at time: 121500000, Instance: astar_gnps_tb.u_astar_gnps.openlist_g1_i.inst.native_mem_module.blk_mem_gen_v8_4_2_inst, A write address: 6d, B read address: 6d
blk_mem_gen_v8_4_2 collision detected at time: 127480000, Instance: astar_gnps_tb.u_astar_gnps.openlist_g1_i.inst.native_mem_module.blk_mem_gen_v8_4_2_inst, A write address: 72, B read address: 72
blk_mem_gen_v8_4_2 collision detected at time: 133680000, Instance: astar_gnps_tb.u_astar_gnps.openlist_g1_i.inst.native_mem_module.blk_mem_gen_v8_4_2_inst, A write address: 77, B read address: 77
blk_mem_gen_v8_4_2 collision detected at time: 140100000, Instance: astar_gnps_tb.u_astar_gnps.openlist_g1_i.inst.native_mem_module.blk_mem_gen_v8_4_2_inst, A write address: 7c, B read address: 7c
blk_mem_gen_v8_4_2 collision detected at time: 144100000, Instance: astar_gnps_tb.u_astar_gnps.openlist_g2_i.inst.native_mem_module.blk_mem_gen_v8_4_2_inst, A write address: 7e, B read address: 7e
blk_mem_gen_v8_4_2 collision detected at time: 144120000, Instance: astar_gnps_tb.u_astar_gnps.openlist_g2_i.inst.native_mem_module.blk_mem_gen_v8_4_2_inst, A write address: 7e, B read address: 7e
blk_mem_gen_v8_4_2 collision detected at time: 144140000, Instance: astar_gnps_tb.u_astar_gnps.openlist_g2_i.inst.native_mem_module.blk_mem_gen_v8_4_2_inst, A write address: 7e, B read address: 7e
blk_mem_gen_v8_4_2 collision detected at time: 144160000, Instance: astar_gnps_tb.u_astar_gnps.openlist_g2_i.inst.native_mem_module.blk_mem_gen_v8_4_2_inst, A write address: 7e, B read address: 7e
blk_mem_gen_v8_4_2 collision detected at time: 144180000, Instance: astar_gnps_tb.u_astar_gnps.openlist_g2_i.inst.native_mem_module.blk_mem_gen_v8_4_2_inst, A write address: 7e, B read address: 7e
blk_mem_gen_v8_4_2 collision detected at time: 144200000, Instance: astar_gnps_tb.u_astar_gnps.openlist_g2_i.inst.native_mem_module.blk_mem_gen_v8_4_2_inst, A write address: 7e, B read address: 7e
blk_mem_gen_v8_4_2 collision detected at time: 144220000, Instance: astar_gnps_tb.u_astar_gnps.openlist_g2_i.inst.native_mem_module.blk_mem_gen_v8_4_2_inst, A write address: 7e, B read address: 7e
blk_mem_gen_v8_4_2 collision detected at time: 144240000, Instance: astar_gnps_tb.u_astar_gnps.openlist_g2_i.inst.native_mem_module.blk_mem_gen_v8_4_2_inst, A write address: 7e, B read address: 7e
blk_mem_gen_v8_4_2 collision detected at time: 144260000, Instance: astar_gnps_tb.u_astar_gnps.openlist_g2_i.inst.native_mem_module.blk_mem_gen_v8_4_2_inst, A write address: 7e, B read address: 7e
blk_mem_gen_v8_4_2 collision detected at time: 144280000, Instance: astar_gnps_tb.u_astar_gnps.openlist_g2_i.inst.native_mem_module.blk_mem_gen_v8_4_2_inst, A write address: 7e, B read address: 7e
blk_mem_gen_v8_4_2 collision detected at time: 144300000, Instance: astar_gnps_tb.u_astar_gnps.openlist_g2_i.inst.native_mem_module.blk_mem_gen_v8_4_2_inst, A write address: 7e, B read address: 7e
blk_mem_gen_v8_4_2 collision detected at time: 144320000, Instance: astar_gnps_tb.u_astar_gnps.openlist_g2_i.inst.native_mem_module.blk_mem_gen_v8_4_2_inst, A write address: 7e, B read address: 7e
blk_mem_gen_v8_4_2 collision detected at time: 144340000, Instance: astar_gnps_tb.u_astar_gnps.openlist_g2_i.inst.native_mem_module.blk_mem_gen_v8_4_2_inst, A write address: 7e, B read address: 7e
blk_mem_gen_v8_4_2 collision detected at time: 144360000, Instance: astar_gnps_tb.u_astar_gnps.openlist_g2_i.inst.native_mem_module.blk_mem_gen_v8_4_2_inst, A write address: 7e, B read address: 7e
blk_mem_gen_v8_4_2 collision detected at time: 144380000, Instance: astar_gnps_tb.u_astar_gnps.openlist_g2_i.inst.native_mem_module.blk_mem_gen_v8_4_2_inst, A write address: 7e, B read address: 7e
blk_mem_gen_v8_4_2 collision detected at time: 144400000, Instance: astar_gnps_tb.u_astar_gnps.openlist_g2_i.inst.native_mem_module.blk_mem_gen_v8_4_2_inst, A write address: 7e, B read address: 7e
blk_mem_gen_v8_4_2 collision detected at time: 144420000, Instance: astar_gnps_tb.u_astar_gnps.openlist_g2_i.inst.native_mem_module.blk_mem_gen_v8_4_2_inst, A write address: 7e, B read address: 7e
blk_mem_gen_v8_4_2 collision detected at time: 144440000, Instance: astar_gnps_tb.u_astar_gnps.openlist_g2_i.inst.native_mem_module.blk_mem_gen_v8_4_2_inst, A write address: 7e, B read address: 7e
blk_mem_gen_v8_4_2 collision detected at time: 144460000, Instance: astar_gnps_tb.u_astar_gnps.openlist_g2_i.inst.native_mem_module.blk_mem_gen_v8_4_2_inst, A write address: 7e, B read address: 7e
blk_mem_gen_v8_4_2 collision detected at time: 144480000, Instance: astar_gnps_tb.u_astar_gnps.openlist_g2_i.inst.native_mem_module.blk_mem_gen_v8_4_2_inst, A write address: 7e, B read address: 7e
blk_mem_gen_v8_4_2 collision detected at time: 144500000, Instance: astar_gnps_tb.u_astar_gnps.openlist_g2_i.inst.native_mem_module.blk_mem_gen_v8_4_2_inst, A write address: 7e, B read address: 7e
blk_mem_gen_v8_4_2 collision detected at time: 144520000, Instance: astar_gnps_tb.u_astar_gnps.openlist_g2_i.inst.native_mem_module.blk_mem_gen_v8_4_2_inst, A write address: 7e, B read address: 7e
blk_mem_gen_v8_4_2 collision detected at time: 144540000, Instance: astar_gnps_tb.u_astar_gnps.openlist_g2_i.inst.native_mem_module.blk_mem_gen_v8_4_2_inst, A write address: 7e, B read address: 7e
blk_mem_gen_v8_4_2 collision detected at time: 144560000, Instance: astar_gnps_tb.u_astar_gnps.openlist_g2_i.inst.native_mem_module.blk_mem_gen_v8_4_2_inst, A write address: 7e, B read address: 7e
blk_mem_gen_v8_4_2 collision detected at time: 144580000, Instance: astar_gnps_tb.u_astar_gnps.openlist_g2_i.inst.native_mem_module.blk_mem_gen_v8_4_2_inst, A write address: 7e, B read address: 7e
blk_mem_gen_v8_4_2 collision detected at time: 144600000, Instance: astar_gnps_tb.u_astar_gnps.openlist_g2_i.inst.native_mem_module.blk_mem_gen_v8_4_2_inst, A write address: 7e, B read address: 7e
blk_mem_gen_v8_4_2 collision detected at time: 144620000, Instance: astar_gnps_tb.u_astar_gnps.openlist_g2_i.inst.native_mem_module.blk_mem_gen_v8_4_2_inst, A write address: 7e, B read address: 7e
blk_mem_gen_v8_4_2 collision detected at time: 144640000, Instance: astar_gnps_tb.u_astar_gnps.openlist_g2_i.inst.native_mem_module.blk_mem_gen_v8_4_2_inst, A write address: 7e, B read address: 7e
blk_mem_gen_v8_4_2 collision detected at time: 144660000, Instance: astar_gnps_tb.u_astar_gnps.openlist_g2_i.inst.native_mem_module.blk_mem_gen_v8_4_2_inst, A write address: 7e, B read address: 7e
blk_mem_gen_v8_4_2 collision detected at time: 144680000, Instance: astar_gnps_tb.u_astar_gnps.openlist_g2_i.inst.native_mem_module.blk_mem_gen_v8_4_2_inst, A write address: 7e, B read address: 7e
blk_mem_gen_v8_4_2 collision detected at time: 144700000, Instance: astar_gnps_tb.u_astar_gnps.openlist_g2_i.inst.native_mem_module.blk_mem_gen_v8_4_2_inst, A write address: 7e, B read address: 7e
blk_mem_gen_v8_4_2 collision detected at time: 144720000, Instance: astar_gnps_tb.u_astar_gnps.openlist_g2_i.inst.native_mem_module.blk_mem_gen_v8_4_2_inst, A write address: 7e, B read address: 7e
blk_mem_gen_v8_4_2 collision detected at time: 144740000, Instance: astar_gnps_tb.u_astar_gnps.openlist_g2_i.inst.native_mem_module.blk_mem_gen_v8_4_2_inst, A write address: 7e, B read address: 7e
blk_mem_gen_v8_4_2 collision detected at time: 144760000, Instance: astar_gnps_tb.u_astar_gnps.openlist_g2_i.inst.native_mem_module.blk_mem_gen_v8_4_2_inst, A write address: 7e, B read address: 7e
blk_mem_gen_v8_4_2 collision detected at time: 144780000, Instance: astar_gnps_tb.u_astar_gnps.openlist_g2_i.inst.native_mem_module.blk_mem_gen_v8_4_2_inst, A write address: 7e, B read address: 7e
blk_mem_gen_v8_4_2 collision detected at time: 144800000, Instance: astar_gnps_tb.u_astar_gnps.openlist_g2_i.inst.native_mem_module.blk_mem_gen_v8_4_2_inst, A write address: 7e, B read address: 7e
blk_mem_gen_v8_4_2 collision detected at time: 144820000, Instance: astar_gnps_tb.u_astar_gnps.openlist_g2_i.inst.native_mem_module.blk_mem_gen_v8_4_2_inst, A write address: 7e, B read address: 7e
blk_mem_gen_v8_4_2 collision detected at time: 144840000, Instance: astar_gnps_tb.u_astar_gnps.openlist_g2_i.inst.native_mem_module.blk_mem_gen_v8_4_2_inst, A write address: 7e, B read address: 7e
blk_mem_gen_v8_4_2 collision detected at time: 144860000, Instance: astar_gnps_tb.u_astar_gnps.openlist_g2_i.inst.native_mem_module.blk_mem_gen_v8_4_2_inst, A write address: 7e, B read address: 7e
blk_mem_gen_v8_4_2 collision detected at time: 144880000, Instance: astar_gnps_tb.u_astar_gnps.openlist_g2_i.inst.native_mem_module.blk_mem_gen_v8_4_2_inst, A write address: 7e, B read address: 7e
blk_mem_gen_v8_4_2 collision detected at time: 144900000, Instance: astar_gnps_tb.u_astar_gnps.openlist_g2_i.inst.native_mem_module.blk_mem_gen_v8_4_2_inst, A write address: 7e, B read address: 7e
blk_mem_gen_v8_4_2 collision detected at time: 144920000, Instance: astar_gnps_tb.u_astar_gnps.openlist_g2_i.inst.native_mem_module.blk_mem_gen_v8_4_2_inst, A write address: 7e, B read address: 7e
blk_mem_gen_v8_4_2 collision detected at time: 144940000, Instance: astar_gnps_tb.u_astar_gnps.openlist_g2_i.inst.native_mem_module.blk_mem_gen_v8_4_2_inst, A write address: 7e, B read address: 7e
blk_mem_gen_v8_4_2 collision detected at time: 144960000, Instance: astar_gnps_tb.u_astar_gnps.openlist_g2_i.inst.native_mem_module.blk_mem_gen_v8_4_2_inst, A write address: 7e, B read address: 7e
blk_mem_gen_v8_4_2 collision detected at time: 144980000, Instance: astar_gnps_tb.u_astar_gnps.openlist_g2_i.inst.native_mem_module.blk_mem_gen_v8_4_2_inst, A write address: 7e, B read address: 7e
blk_mem_gen_v8_4_2 collision detected at time: 145000000, Instance: astar_gnps_tb.u_astar_gnps.openlist_g2_i.inst.native_mem_module.blk_mem_gen_v8_4_2_inst, A write address: 7e, B read address: 7e
blk_mem_gen_v8_4_2 collision detected at time: 145020000, Instance: astar_gnps_tb.u_astar_gnps.openlist_g2_i.inst.native_mem_module.blk_mem_gen_v8_4_2_inst, A write address: 7e, B read address: 7e
blk_mem_gen_v8_4_2 collision detected at time: 145040000, Instance: astar_gnps_tb.u_astar_gnps.openlist_g2_i.inst.native_mem_module.blk_mem_gen_v8_4_2_inst, A write address: 7e, B read address: 7e
blk_mem_gen_v8_4_2 collision detected at time: 145060000, Instance: astar_gnps_tb.u_astar_gnps.openlist_g2_i.inst.native_mem_module.blk_mem_gen_v8_4_2_inst, A write address: 7e, B read address: 7e
blk_mem_gen_v8_4_2 collision detected at time: 145080000, Instance: astar_gnps_tb.u_astar_gnps.openlist_g2_i.inst.native_mem_module.blk_mem_gen_v8_4_2_inst, A write address: 7e, B read address: 7e
blk_mem_gen_v8_4_2 collision detected at time: 145100000, Instance: astar_gnps_tb.u_astar_gnps.openlist_g2_i.inst.native_mem_module.blk_mem_gen_v8_4_2_inst, A write address: 7e, B read address: 7e
blk_mem_gen_v8_4_2 collision detected at time: 145120000, Instance: astar_gnps_tb.u_astar_gnps.openlist_g2_i.inst.native_mem_module.blk_mem_gen_v8_4_2_inst, A write address: 7e, B read address: 7e
blk_mem_gen_v8_4_2 collision detected at time: 145140000, Instance: astar_gnps_tb.u_astar_gnps.openlist_g2_i.inst.native_mem_module.blk_mem_gen_v8_4_2_inst, A write address: 7e, B read address: 7e
blk_mem_gen_v8_4_2 collision detected at time: 145160000, Instance: astar_gnps_tb.u_astar_gnps.openlist_g2_i.inst.native_mem_module.blk_mem_gen_v8_4_2_inst, A write address: 7e, B read address: 7e
blk_mem_gen_v8_4_2 collision detected at time: 145180000, Instance: astar_gnps_tb.u_astar_gnps.openlist_g2_i.inst.native_mem_module.blk_mem_gen_v8_4_2_inst, A write address: 7e, B read address: 7e
blk_mem_gen_v8_4_2 collision detected at time: 145200000, Instance: astar_gnps_tb.u_astar_gnps.openlist_g2_i.inst.native_mem_module.blk_mem_gen_v8_4_2_inst, A write address: 7e, B read address: 7e
blk_mem_gen_v8_4_2 collision detected at time: 145220000, Instance: astar_gnps_tb.u_astar_gnps.openlist_g2_i.inst.native_mem_module.blk_mem_gen_v8_4_2_inst, A write address: 7e, B read address: 7e
blk_mem_gen_v8_4_2 collision detected at time: 145240000, Instance: astar_gnps_tb.u_astar_gnps.openlist_g2_i.inst.native_mem_module.blk_mem_gen_v8_4_2_inst, A write address: 7e, B read address: 7e
blk_mem_gen_v8_4_2 collision detected at time: 145260000, Instance: astar_gnps_tb.u_astar_gnps.openlist_g2_i.inst.native_mem_module.blk_mem_gen_v8_4_2_inst, A write address: 7e, B read address: 7e
blk_mem_gen_v8_4_2 collision detected at time: 145280000, Instance: astar_gnps_tb.u_astar_gnps.openlist_g2_i.inst.native_mem_module.blk_mem_gen_v8_4_2_inst, A write address: 7e, B read address: 7e
blk_mem_gen_v8_4_2 collision detected at time: 145300000, Instance: astar_gnps_tb.u_astar_gnps.openlist_g2_i.inst.native_mem_module.blk_mem_gen_v8_4_2_inst, A write address: 7e, B read address: 7e
blk_mem_gen_v8_4_2 collision detected at time: 145320000, Instance: astar_gnps_tb.u_astar_gnps.openlist_g2_i.inst.native_mem_module.blk_mem_gen_v8_4_2_inst, A write address: 7e, B read address: 7e
blk_mem_gen_v8_4_2 collision detected at time: 145340000, Instance: astar_gnps_tb.u_astar_gnps.openlist_g2_i.inst.native_mem_module.blk_mem_gen_v8_4_2_inst, A write address: 7e, B read address: 7e
blk_mem_gen_v8_4_2 collision detected at time: 145360000, Instance: astar_gnps_tb.u_astar_gnps.openlist_g2_i.inst.native_mem_module.blk_mem_gen_v8_4_2_inst, A write address: 7e, B read address: 7e
blk_mem_gen_v8_4_2 collision detected at time: 145380000, Instance: astar_gnps_tb.u_astar_gnps.openlist_g2_i.inst.native_mem_module.blk_mem_gen_v8_4_2_inst, A write address: 7e, B read address: 7e
blk_mem_gen_v8_4_2 collision detected at time: 145400000, Instance: astar_gnps_tb.u_astar_gnps.openlist_g2_i.inst.native_mem_module.blk_mem_gen_v8_4_2_inst, A write address: 7e, B read address: 7e
blk_mem_gen_v8_4_2 collision detected at time: 145420000, Instance: astar_gnps_tb.u_astar_gnps.openlist_g2_i.inst.native_mem_module.blk_mem_gen_v8_4_2_inst, A write address: 7e, B read address: 7e
blk_mem_gen_v8_4_2 collision detected at time: 145440000, Instance: astar_gnps_tb.u_astar_gnps.openlist_g2_i.inst.native_mem_module.blk_mem_gen_v8_4_2_inst, A write address: 7e, B read address: 7e
blk_mem_gen_v8_4_2 collision detected at time: 145460000, Instance: astar_gnps_tb.u_astar_gnps.openlist_g2_i.inst.native_mem_module.blk_mem_gen_v8_4_2_inst, A write address: 7e, B read address: 7e
blk_mem_gen_v8_4_2 collision detected at time: 145480000, Instance: astar_gnps_tb.u_astar_gnps.openlist_g2_i.inst.native_mem_module.blk_mem_gen_v8_4_2_inst, A write address: 7e, B read address: 7e
blk_mem_gen_v8_4_2 collision detected at time: 145500000, Instance: astar_gnps_tb.u_astar_gnps.openlist_g2_i.inst.native_mem_module.blk_mem_gen_v8_4_2_inst, A write address: 7e, B read address: 7e
blk_mem_gen_v8_4_2 collision detected at time: 145520000, Instance: astar_gnps_tb.u_astar_gnps.openlist_g2_i.inst.native_mem_module.blk_mem_gen_v8_4_2_inst, A write address: 7e, B read address: 7e
blk_mem_gen_v8_4_2 collision detected at time: 145540000, Instance: astar_gnps_tb.u_astar_gnps.openlist_g2_i.inst.native_mem_module.blk_mem_gen_v8_4_2_inst, A write address: 7e, B read address: 7e
blk_mem_gen_v8_4_2 collision detected at time: 145560000, Instance: astar_gnps_tb.u_astar_gnps.openlist_g2_i.inst.native_mem_module.blk_mem_gen_v8_4_2_inst, A write address: 7e, B read address: 7e
blk_mem_gen_v8_4_2 collision detected at time: 145580000, Instance: astar_gnps_tb.u_astar_gnps.openlist_g2_i.inst.native_mem_module.blk_mem_gen_v8_4_2_inst, A write address: 7e, B read address: 7e
blk_mem_gen_v8_4_2 collision detected at time: 145600000, Instance: astar_gnps_tb.u_astar_gnps.openlist_g2_i.inst.native_mem_module.blk_mem_gen_v8_4_2_inst, A write address: 7e, B read address: 7e
blk_mem_gen_v8_4_2 collision detected at time: 145620000, Instance: astar_gnps_tb.u_astar_gnps.openlist_g2_i.inst.native_mem_module.blk_mem_gen_v8_4_2_inst, A write address: 7e, B read address: 7e
blk_mem_gen_v8_4_2 collision detected at time: 145640000, Instance: astar_gnps_tb.u_astar_gnps.openlist_g2_i.inst.native_mem_module.blk_mem_gen_v8_4_2_inst, A write address: 7e, B read address: 7e
blk_mem_gen_v8_4_2 collision detected at time: 145660000, Instance: astar_gnps_tb.u_astar_gnps.openlist_g2_i.inst.native_mem_module.blk_mem_gen_v8_4_2_inst, A write address: 7e, B read address: 7e
blk_mem_gen_v8_4_2 collision detected at time: 145680000, Instance: astar_gnps_tb.u_astar_gnps.openlist_g2_i.inst.native_mem_module.blk_mem_gen_v8_4_2_inst, A write address: 7e, B read address: 7e
blk_mem_gen_v8_4_2 collision detected at time: 145700000, Instance: astar_gnps_tb.u_astar_gnps.openlist_g2_i.inst.native_mem_module.blk_mem_gen_v8_4_2_inst, A write address: 7e, B read address: 7e
blk_mem_gen_v8_4_2 collision detected at time: 145720000, Instance: astar_gnps_tb.u_astar_gnps.openlist_g2_i.inst.native_mem_module.blk_mem_gen_v8_4_2_inst, A write address: 7e, B read address: 7e
blk_mem_gen_v8_4_2 collision detected at time: 145740000, Instance: astar_gnps_tb.u_astar_gnps.openlist_g2_i.inst.native_mem_module.blk_mem_gen_v8_4_2_inst, A write address: 7e, B read address: 7e
blk_mem_gen_v8_4_2 collision detected at time: 145760000, Instance: astar_gnps_tb.u_astar_gnps.openlist_g2_i.inst.native_mem_module.blk_mem_gen_v8_4_2_inst, A write address: 7e, B read address: 7e
blk_mem_gen_v8_4_2 collision detected at time: 145780000, Instance: astar_gnps_tb.u_astar_gnps.openlist_g2_i.inst.native_mem_module.blk_mem_gen_v8_4_2_inst, A write address: 7e, B read address: 7e
blk_mem_gen_v8_4_2 collision detected at time: 145800000, Instance: astar_gnps_tb.u_astar_gnps.openlist_g2_i.inst.native_mem_module.blk_mem_gen_v8_4_2_inst, A write address: 7e, B read address: 7e
blk_mem_gen_v8_4_2 collision detected at time: 145820000, Instance: astar_gnps_tb.u_astar_gnps.openlist_g2_i.inst.native_mem_module.blk_mem_gen_v8_4_2_inst, A write address: 7e, B read address: 7e
blk_mem_gen_v8_4_2 collision detected at time: 145840000, Instance: astar_gnps_tb.u_astar_gnps.openlist_g2_i.inst.native_mem_module.blk_mem_gen_v8_4_2_inst, A write address: 7e, B read address: 7e
blk_mem_gen_v8_4_2 collision detected at time: 145860000, Instance: astar_gnps_tb.u_astar_gnps.openlist_g2_i.inst.native_mem_module.blk_mem_gen_v8_4_2_inst, A write address: 7e, B read address: 7e
blk_mem_gen_v8_4_2 collision detected at time: 145880000, Instance: astar_gnps_tb.u_astar_gnps.openlist_g2_i.inst.native_mem_module.blk_mem_gen_v8_4_2_inst, A write address: 7e, B read address: 7e
blk_mem_gen_v8_4_2 collision detected at time: 145900000, Instance: astar_gnps_tb.u_astar_gnps.openlist_g2_i.inst.native_mem_module.blk_mem_gen_v8_4_2_inst, A write address: 7e, B read address: 7e
blk_mem_gen_v8_4_2 collision detected at time: 145920000, Instance: astar_gnps_tb.u_astar_gnps.openlist_g2_i.inst.native_mem_module.blk_mem_gen_v8_4_2_inst, A write address: 7e, B read address: 7e
blk_mem_gen_v8_4_2 collision detected at time: 145940000, Instance: astar_gnps_tb.u_astar_gnps.openlist_g2_i.inst.native_mem_module.blk_mem_gen_v8_4_2_inst, A write address: 7e, B read address: 7e
blk_mem_gen_v8_4_2 collision detected at time: 145960000, Instance: astar_gnps_tb.u_astar_gnps.openlist_g2_i.inst.native_mem_module.blk_mem_gen_v8_4_2_inst, A write address: 7e, B read address: 7e
blk_mem_gen_v8_4_2 collision detected at time: 145980000, Instance: astar_gnps_tb.u_astar_gnps.openlist_g2_i.inst.native_mem_module.blk_mem_gen_v8_4_2_inst, A write address: 7e, B read address: 7e
blk_mem_gen_v8_4_2 collision detected at time: 146000000, Instance: astar_gnps_tb.u_astar_gnps.openlist_g2_i.inst.native_mem_module.blk_mem_gen_v8_4_2_inst, A write address: 7e, B read address: 7e
blk_mem_gen_v8_4_2 collision detected at time: 146020000, Instance: astar_gnps_tb.u_astar_gnps.openlist_g2_i.inst.native_mem_module.blk_mem_gen_v8_4_2_inst, A write address: 7e, B read address: 7e
blk_mem_gen_v8_4_2 collision detected at time: 146040000, Instance: astar_gnps_tb.u_astar_gnps.openlist_g2_i.inst.native_mem_module.blk_mem_gen_v8_4_2_inst, A write address: 7e, B read address: 7e
blk_mem_gen_v8_4_2 collision detected at time: 146060000, Instance: astar_gnps_tb.u_astar_gnps.openlist_g2_i.inst.native_mem_module.blk_mem_gen_v8_4_2_inst, A write address: 7e, B read address: 7e
blk_mem_gen_v8_4_2 collision detected at time: 146080000, Instance: astar_gnps_tb.u_astar_gnps.openlist_g2_i.inst.native_mem_module.blk_mem_gen_v8_4_2_inst, A write address: 7e, B read address: 7e
blk_mem_gen_v8_4_2 collision detected at time: 146100000, Instance: astar_gnps_tb.u_astar_gnps.openlist_g2_i.inst.native_mem_module.blk_mem_gen_v8_4_2_inst, A write address: 7e, B read address: 7e
blk_mem_gen_v8_4_2 collision detected at time: 146120000, Instance: astar_gnps_tb.u_astar_gnps.openlist_g2_i.inst.native_mem_module.blk_mem_gen_v8_4_2_inst, A write address: 7e, B read address: 7e
blk_mem_gen_v8_4_2 collision detected at time: 146140000, Instance: astar_gnps_tb.u_astar_gnps.openlist_g2_i.inst.native_mem_module.blk_mem_gen_v8_4_2_inst, A write address: 7e, B read address: 7e
blk_mem_gen_v8_4_2 collision detected at time: 146160000, Instance: astar_gnps_tb.u_astar_gnps.openlist_g2_i.inst.native_mem_module.blk_mem_gen_v8_4_2_inst, A write address: 7e, B read address: 7e
blk_mem_gen_v8_4_2 collision detected at time: 146180000, Instance: astar_gnps_tb.u_astar_gnps.openlist_g2_i.inst.native_mem_module.blk_mem_gen_v8_4_2_inst, A write address: 7e, B read address: 7e
blk_mem_gen_v8_4_2 collision detected at time: 146200000, Instance: astar_gnps_tb.u_astar_gnps.openlist_g2_i.inst.native_mem_module.blk_mem_gen_v8_4_2_inst, A write address: 7e, B read address: 7e
blk_mem_gen_v8_4_2 collision detected at time: 146220000, Instance: astar_gnps_tb.u_astar_gnps.openlist_g2_i.inst.native_mem_module.blk_mem_gen_v8_4_2_inst, A write address: 7e, B read address: 7e
blk_mem_gen_v8_4_2 collision detected at time: 146240000, Instance: astar_gnps_tb.u_astar_gnps.openlist_g2_i.inst.native_mem_module.blk_mem_gen_v8_4_2_inst, A write address: 7e, B read address: 7e
blk_mem_gen_v8_4_2 collision detected at time: 146260000, Instance: astar_gnps_tb.u_astar_gnps.openlist_g2_i.inst.native_mem_module.blk_mem_gen_v8_4_2_inst, A write address: 7e, B read address: 7e
blk_mem_gen_v8_4_2 collision detected at time: 146280000, Instance: astar_gnps_tb.u_astar_gnps.openlist_g2_i.inst.native_mem_module.blk_mem_gen_v8_4_2_inst, A write address: 7e, B read address: 7e
blk_mem_gen_v8_4_2 collision detected at time: 146300000, Instance: astar_gnps_tb.u_astar_gnps.openlist_g2_i.inst.native_mem_module.blk_mem_gen_v8_4_2_inst, A write address: 7e, B read address: 7e
blk_mem_gen_v8_4_2 collision detected at time: 146320000, Instance: astar_gnps_tb.u_astar_gnps.openlist_g2_i.inst.native_mem_module.blk_mem_gen_v8_4_2_inst, A write address: 7e, B read address: 7e
blk_mem_gen_v8_4_2 collision detected at time: 146340000, Instance: astar_gnps_tb.u_astar_gnps.openlist_g2_i.inst.native_mem_module.blk_mem_gen_v8_4_2_inst, A write address: 7e, B read address: 7e
blk_mem_gen_v8_4_2 collision detected at time: 146360000, Instance: astar_gnps_tb.u_astar_gnps.openlist_g2_i.inst.native_mem_module.blk_mem_gen_v8_4_2_inst, A write address: 7e, B read address: 7e
blk_mem_gen_v8_4_2 collision detected at time: 146380000, Instance: astar_gnps_tb.u_astar_gnps.openlist_g2_i.inst.native_mem_module.blk_mem_gen_v8_4_2_inst, A write address: 7e, B read address: 7e
blk_mem_gen_v8_4_2 collision detected at time: 146400000, Instance: astar_gnps_tb.u_astar_gnps.openlist_g2_i.inst.native_mem_module.blk_mem_gen_v8_4_2_inst, A write address: 7e, B read address: 7e
blk_mem_gen_v8_4_2 collision detected at time: 146420000, Instance: astar_gnps_tb.u_astar_gnps.openlist_g2_i.inst.native_mem_module.blk_mem_gen_v8_4_2_inst, A write address: 7e, B read address: 7e
blk_mem_gen_v8_4_2 collision detected at time: 146440000, Instance: astar_gnps_tb.u_astar_gnps.openlist_g2_i.inst.native_mem_module.blk_mem_gen_v8_4_2_inst, A write address: 7e, B read address: 7e
blk_mem_gen_v8_4_2 collision detected at time: 146460000, Instance: astar_gnps_tb.u_astar_gnps.openlist_g2_i.inst.native_mem_module.blk_mem_gen_v8_4_2_inst, A write address: 7e, B read address: 7e
blk_mem_gen_v8_4_2 collision detected at time: 146480000, Instance: astar_gnps_tb.u_astar_gnps.openlist_g2_i.inst.native_mem_module.blk_mem_gen_v8_4_2_inst, A write address: 7e, B read address: 7e
blk_mem_gen_v8_4_2 collision detected at time: 146500000, Instance: astar_gnps_tb.u_astar_gnps.openlist_g2_i.inst.native_mem_module.blk_mem_gen_v8_4_2_inst, A write address: 7e, B read address: 7e
blk_mem_gen_v8_4_2 collision detected at time: 146520000, Instance: astar_gnps_tb.u_astar_gnps.openlist_g2_i.inst.native_mem_module.blk_mem_gen_v8_4_2_inst, A write address: 7e, B read address: 7e
blk_mem_gen_v8_4_2 collision detected at time: 146540000, Instance: astar_gnps_tb.u_astar_gnps.openlist_g2_i.inst.native_mem_module.blk_mem_gen_v8_4_2_inst, A write address: 7e, B read address: 7e
blk_mem_gen_v8_4_2 collision detected at time: 146560000, Instance: astar_gnps_tb.u_astar_gnps.openlist_g2_i.inst.native_mem_module.blk_mem_gen_v8_4_2_inst, A write address: 7e, B read address: 7e
blk_mem_gen_v8_4_2 collision detected at time: 146580000, Instance: astar_gnps_tb.u_astar_gnps.openlist_g2_i.inst.native_mem_module.blk_mem_gen_v8_4_2_inst, A write address: 7e, B read address: 7e
blk_mem_gen_v8_4_2 collision detected at time: 146600000, Instance: astar_gnps_tb.u_astar_gnps.openlist_g2_i.inst.native_mem_module.blk_mem_gen_v8_4_2_inst, A write address: 7e, B read address: 7e
blk_mem_gen_v8_4_2 collision detected at time: 146620000, Instance: astar_gnps_tb.u_astar_gnps.openlist_g1_i.inst.native_mem_module.blk_mem_gen_v8_4_2_inst, A write address: 7e, B read address: 7e
blk_mem_gen_v8_4_2 collision detected at time: 146620000, Instance: astar_gnps_tb.u_astar_gnps.openlist_g2_i.inst.native_mem_module.blk_mem_gen_v8_4_2_inst, A write address: 7e, B read address: 7e
blk_mem_gen_v8_4_2 collision detected at time: 146640000, Instance: astar_gnps_tb.u_astar_gnps.openlist_g2_i.inst.native_mem_module.blk_mem_gen_v8_4_2_inst, A write address: 7e, B read address: 7e
blk_mem_gen_v8_4_2 collision detected at time: 150680000, Instance: astar_gnps_tb.u_astar_gnps.openlist_g2_i.inst.native_mem_module.blk_mem_gen_v8_4_2_inst, A write address: 80, B read address: 80
blk_mem_gen_v8_4_2 collision detected at time: 150700000, Instance: astar_gnps_tb.u_astar_gnps.openlist_g2_i.inst.native_mem_module.blk_mem_gen_v8_4_2_inst, A write address: 80, B read address: 80
blk_mem_gen_v8_4_2 collision detected at time: 150720000, Instance: astar_gnps_tb.u_astar_gnps.openlist_g2_i.inst.native_mem_module.blk_mem_gen_v8_4_2_inst, A write address: 80, B read address: 80
blk_mem_gen_v8_4_2 collision detected at time: 150740000, Instance: astar_gnps_tb.u_astar_gnps.openlist_g2_i.inst.native_mem_module.blk_mem_gen_v8_4_2_inst, A write address: 80, B read address: 80
blk_mem_gen_v8_4_2 collision detected at time: 150760000, Instance: astar_gnps_tb.u_astar_gnps.openlist_g2_i.inst.native_mem_module.blk_mem_gen_v8_4_2_inst, A write address: 80, B read address: 80
blk_mem_gen_v8_4_2 collision detected at time: 150780000, Instance: astar_gnps_tb.u_astar_gnps.openlist_g2_i.inst.native_mem_module.blk_mem_gen_v8_4_2_inst, A write address: 80, B read address: 80
blk_mem_gen_v8_4_2 collision detected at time: 150800000, Instance: astar_gnps_tb.u_astar_gnps.openlist_g2_i.inst.native_mem_module.blk_mem_gen_v8_4_2_inst, A write address: 80, B read address: 80
blk_mem_gen_v8_4_2 collision detected at time: 150820000, Instance: astar_gnps_tb.u_astar_gnps.openlist_g2_i.inst.native_mem_module.blk_mem_gen_v8_4_2_inst, A write address: 80, B read address: 80
blk_mem_gen_v8_4_2 collision detected at time: 150840000, Instance: astar_gnps_tb.u_astar_gnps.openlist_g2_i.inst.native_mem_module.blk_mem_gen_v8_4_2_inst, A write address: 80, B read address: 80
blk_mem_gen_v8_4_2 collision detected at time: 150860000, Instance: astar_gnps_tb.u_astar_gnps.openlist_g2_i.inst.native_mem_module.blk_mem_gen_v8_4_2_inst, A write address: 80, B read address: 80
blk_mem_gen_v8_4_2 collision detected at time: 150880000, Instance: astar_gnps_tb.u_astar_gnps.openlist_g2_i.inst.native_mem_module.blk_mem_gen_v8_4_2_inst, A write address: 80, B read address: 80
blk_mem_gen_v8_4_2 collision detected at time: 150900000, Instance: astar_gnps_tb.u_astar_gnps.openlist_g2_i.inst.native_mem_module.blk_mem_gen_v8_4_2_inst, A write address: 80, B read address: 80
blk_mem_gen_v8_4_2 collision detected at time: 150920000, Instance: astar_gnps_tb.u_astar_gnps.openlist_g2_i.inst.native_mem_module.blk_mem_gen_v8_4_2_inst, A write address: 80, B read address: 80
blk_mem_gen_v8_4_2 collision detected at time: 150940000, Instance: astar_gnps_tb.u_astar_gnps.openlist_g2_i.inst.native_mem_module.blk_mem_gen_v8_4_2_inst, A write address: 80, B read address: 80
blk_mem_gen_v8_4_2 collision detected at time: 150960000, Instance: astar_gnps_tb.u_astar_gnps.openlist_g2_i.inst.native_mem_module.blk_mem_gen_v8_4_2_inst, A write address: 80, B read address: 80
blk_mem_gen_v8_4_2 collision detected at time: 150980000, Instance: astar_gnps_tb.u_astar_gnps.openlist_g2_i.inst.native_mem_module.blk_mem_gen_v8_4_2_inst, A write address: 80, B read address: 80
blk_mem_gen_v8_4_2 collision detected at time: 151000000, Instance: astar_gnps_tb.u_astar_gnps.openlist_g2_i.inst.native_mem_module.blk_mem_gen_v8_4_2_inst, A write address: 80, B read address: 80
blk_mem_gen_v8_4_2 collision detected at time: 151020000, Instance: astar_gnps_tb.u_astar_gnps.openlist_g2_i.inst.native_mem_module.blk_mem_gen_v8_4_2_inst, A write address: 80, B read address: 80
blk_mem_gen_v8_4_2 collision detected at time: 151040000, Instance: astar_gnps_tb.u_astar_gnps.openlist_g2_i.inst.native_mem_module.blk_mem_gen_v8_4_2_inst, A write address: 80, B read address: 80
blk_mem_gen_v8_4_2 collision detected at time: 151060000, Instance: astar_gnps_tb.u_astar_gnps.openlist_g2_i.inst.native_mem_module.blk_mem_gen_v8_4_2_inst, A write address: 80, B read address: 80
blk_mem_gen_v8_4_2 collision detected at time: 151080000, Instance: astar_gnps_tb.u_astar_gnps.openlist_g2_i.inst.native_mem_module.blk_mem_gen_v8_4_2_inst, A write address: 80, B read address: 80
blk_mem_gen_v8_4_2 collision detected at time: 151100000, Instance: astar_gnps_tb.u_astar_gnps.openlist_g2_i.inst.native_mem_module.blk_mem_gen_v8_4_2_inst, A write address: 80, B read address: 80
blk_mem_gen_v8_4_2 collision detected at time: 151120000, Instance: astar_gnps_tb.u_astar_gnps.openlist_g2_i.inst.native_mem_module.blk_mem_gen_v8_4_2_inst, A write address: 80, B read address: 80
blk_mem_gen_v8_4_2 collision detected at time: 151140000, Instance: astar_gnps_tb.u_astar_gnps.openlist_g2_i.inst.native_mem_module.blk_mem_gen_v8_4_2_inst, A write address: 80, B read address: 80
blk_mem_gen_v8_4_2 collision detected at time: 151160000, Instance: astar_gnps_tb.u_astar_gnps.openlist_g2_i.inst.native_mem_module.blk_mem_gen_v8_4_2_inst, A write address: 80, B read address: 80
blk_mem_gen_v8_4_2 collision detected at time: 151180000, Instance: astar_gnps_tb.u_astar_gnps.openlist_g2_i.inst.native_mem_module.blk_mem_gen_v8_4_2_inst, A write address: 80, B read address: 80
blk_mem_gen_v8_4_2 collision detected at time: 151200000, Instance: astar_gnps_tb.u_astar_gnps.openlist_g2_i.inst.native_mem_module.blk_mem_gen_v8_4_2_inst, A write address: 80, B read address: 80
blk_mem_gen_v8_4_2 collision detected at time: 151220000, Instance: astar_gnps_tb.u_astar_gnps.openlist_g2_i.inst.native_mem_module.blk_mem_gen_v8_4_2_inst, A write address: 80, B read address: 80
blk_mem_gen_v8_4_2 collision detected at time: 151240000, Instance: astar_gnps_tb.u_astar_gnps.openlist_g2_i.inst.native_mem_module.blk_mem_gen_v8_4_2_inst, A write address: 80, B read address: 80
blk_mem_gen_v8_4_2 collision detected at time: 151260000, Instance: astar_gnps_tb.u_astar_gnps.openlist_g2_i.inst.native_mem_module.blk_mem_gen_v8_4_2_inst, A write address: 80, B read address: 80
blk_mem_gen_v8_4_2 collision detected at time: 151280000, Instance: astar_gnps_tb.u_astar_gnps.openlist_g2_i.inst.native_mem_module.blk_mem_gen_v8_4_2_inst, A write address: 80, B read address: 80
blk_mem_gen_v8_4_2 collision detected at time: 151300000, Instance: astar_gnps_tb.u_astar_gnps.openlist_g2_i.inst.native_mem_module.blk_mem_gen_v8_4_2_inst, A write address: 80, B read address: 80
blk_mem_gen_v8_4_2 collision detected at time: 151320000, Instance: astar_gnps_tb.u_astar_gnps.openlist_g2_i.inst.native_mem_module.blk_mem_gen_v8_4_2_inst, A write address: 80, B read address: 80
blk_mem_gen_v8_4_2 collision detected at time: 151340000, Instance: astar_gnps_tb.u_astar_gnps.openlist_g2_i.inst.native_mem_module.blk_mem_gen_v8_4_2_inst, A write address: 80, B read address: 80
blk_mem_gen_v8_4_2 collision detected at time: 151360000, Instance: astar_gnps_tb.u_astar_gnps.openlist_g2_i.inst.native_mem_module.blk_mem_gen_v8_4_2_inst, A write address: 80, B read address: 80
blk_mem_gen_v8_4_2 collision detected at time: 151380000, Instance: astar_gnps_tb.u_astar_gnps.openlist_g2_i.inst.native_mem_module.blk_mem_gen_v8_4_2_inst, A write address: 80, B read address: 80
blk_mem_gen_v8_4_2 collision detected at time: 151400000, Instance: astar_gnps_tb.u_astar_gnps.openlist_g2_i.inst.native_mem_module.blk_mem_gen_v8_4_2_inst, A write address: 80, B read address: 80
blk_mem_gen_v8_4_2 collision detected at time: 151420000, Instance: astar_gnps_tb.u_astar_gnps.openlist_g2_i.inst.native_mem_module.blk_mem_gen_v8_4_2_inst, A write address: 80, B read address: 80
blk_mem_gen_v8_4_2 collision detected at time: 151440000, Instance: astar_gnps_tb.u_astar_gnps.openlist_g2_i.inst.native_mem_module.blk_mem_gen_v8_4_2_inst, A write address: 80, B read address: 80
blk_mem_gen_v8_4_2 collision detected at time: 151460000, Instance: astar_gnps_tb.u_astar_gnps.openlist_g2_i.inst.native_mem_module.blk_mem_gen_v8_4_2_inst, A write address: 80, B read address: 80
blk_mem_gen_v8_4_2 collision detected at time: 151480000, Instance: astar_gnps_tb.u_astar_gnps.openlist_g2_i.inst.native_mem_module.blk_mem_gen_v8_4_2_inst, A write address: 80, B read address: 80
blk_mem_gen_v8_4_2 collision detected at time: 151500000, Instance: astar_gnps_tb.u_astar_gnps.openlist_g2_i.inst.native_mem_module.blk_mem_gen_v8_4_2_inst, A write address: 80, B read address: 80
blk_mem_gen_v8_4_2 collision detected at time: 151520000, Instance: astar_gnps_tb.u_astar_gnps.openlist_g2_i.inst.native_mem_module.blk_mem_gen_v8_4_2_inst, A write address: 80, B read address: 80
blk_mem_gen_v8_4_2 collision detected at time: 151540000, Instance: astar_gnps_tb.u_astar_gnps.openlist_g2_i.inst.native_mem_module.blk_mem_gen_v8_4_2_inst, A write address: 80, B read address: 80
blk_mem_gen_v8_4_2 collision detected at time: 151560000, Instance: astar_gnps_tb.u_astar_gnps.openlist_g2_i.inst.native_mem_module.blk_mem_gen_v8_4_2_inst, A write address: 80, B read address: 80
blk_mem_gen_v8_4_2 collision detected at time: 151580000, Instance: astar_gnps_tb.u_astar_gnps.openlist_g2_i.inst.native_mem_module.blk_mem_gen_v8_4_2_inst, A write address: 80, B read address: 80
blk_mem_gen_v8_4_2 collision detected at time: 151600000, Instance: astar_gnps_tb.u_astar_gnps.openlist_g2_i.inst.native_mem_module.blk_mem_gen_v8_4_2_inst, A write address: 80, B read address: 80
blk_mem_gen_v8_4_2 collision detected at time: 151620000, Instance: astar_gnps_tb.u_astar_gnps.openlist_g2_i.inst.native_mem_module.blk_mem_gen_v8_4_2_inst, A write address: 80, B read address: 80
blk_mem_gen_v8_4_2 collision detected at time: 151640000, Instance: astar_gnps_tb.u_astar_gnps.openlist_g2_i.inst.native_mem_module.blk_mem_gen_v8_4_2_inst, A write address: 80, B read address: 80
blk_mem_gen_v8_4_2 collision detected at time: 151660000, Instance: astar_gnps_tb.u_astar_gnps.openlist_g2_i.inst.native_mem_module.blk_mem_gen_v8_4_2_inst, A write address: 80, B read address: 80
blk_mem_gen_v8_4_2 collision detected at time: 151680000, Instance: astar_gnps_tb.u_astar_gnps.openlist_g2_i.inst.native_mem_module.blk_mem_gen_v8_4_2_inst, A write address: 80, B read address: 80
blk_mem_gen_v8_4_2 collision detected at time: 151700000, Instance: astar_gnps_tb.u_astar_gnps.openlist_g2_i.inst.native_mem_module.blk_mem_gen_v8_4_2_inst, A write address: 80, B read address: 80
blk_mem_gen_v8_4_2 collision detected at time: 151720000, Instance: astar_gnps_tb.u_astar_gnps.openlist_g2_i.inst.native_mem_module.blk_mem_gen_v8_4_2_inst, A write address: 80, B read address: 80
blk_mem_gen_v8_4_2 collision detected at time: 151740000, Instance: astar_gnps_tb.u_astar_gnps.openlist_g2_i.inst.native_mem_module.blk_mem_gen_v8_4_2_inst, A write address: 80, B read address: 80
blk_mem_gen_v8_4_2 collision detected at time: 151760000, Instance: astar_gnps_tb.u_astar_gnps.openlist_g2_i.inst.native_mem_module.blk_mem_gen_v8_4_2_inst, A write address: 80, B read address: 80
blk_mem_gen_v8_4_2 collision detected at time: 151780000, Instance: astar_gnps_tb.u_astar_gnps.openlist_g2_i.inst.native_mem_module.blk_mem_gen_v8_4_2_inst, A write address: 80, B read address: 80
blk_mem_gen_v8_4_2 collision detected at time: 151800000, Instance: astar_gnps_tb.u_astar_gnps.openlist_g2_i.inst.native_mem_module.blk_mem_gen_v8_4_2_inst, A write address: 80, B read address: 80
blk_mem_gen_v8_4_2 collision detected at time: 151820000, Instance: astar_gnps_tb.u_astar_gnps.openlist_g2_i.inst.native_mem_module.blk_mem_gen_v8_4_2_inst, A write address: 80, B read address: 80
blk_mem_gen_v8_4_2 collision detected at time: 151840000, Instance: astar_gnps_tb.u_astar_gnps.openlist_g2_i.inst.native_mem_module.blk_mem_gen_v8_4_2_inst, A write address: 80, B read address: 80
blk_mem_gen_v8_4_2 collision detected at time: 151860000, Instance: astar_gnps_tb.u_astar_gnps.openlist_g2_i.inst.native_mem_module.blk_mem_gen_v8_4_2_inst, A write address: 80, B read address: 80
blk_mem_gen_v8_4_2 collision detected at time: 151880000, Instance: astar_gnps_tb.u_astar_gnps.openlist_g2_i.inst.native_mem_module.blk_mem_gen_v8_4_2_inst, A write address: 80, B read address: 80
blk_mem_gen_v8_4_2 collision detected at time: 151900000, Instance: astar_gnps_tb.u_astar_gnps.openlist_g2_i.inst.native_mem_module.blk_mem_gen_v8_4_2_inst, A write address: 80, B read address: 80
blk_mem_gen_v8_4_2 collision detected at time: 151920000, Instance: astar_gnps_tb.u_astar_gnps.openlist_g2_i.inst.native_mem_module.blk_mem_gen_v8_4_2_inst, A write address: 80, B read address: 80
blk_mem_gen_v8_4_2 collision detected at time: 151940000, Instance: astar_gnps_tb.u_astar_gnps.openlist_g2_i.inst.native_mem_module.blk_mem_gen_v8_4_2_inst, A write address: 80, B read address: 80
blk_mem_gen_v8_4_2 collision detected at time: 151960000, Instance: astar_gnps_tb.u_astar_gnps.openlist_g2_i.inst.native_mem_module.blk_mem_gen_v8_4_2_inst, A write address: 80, B read address: 80
blk_mem_gen_v8_4_2 collision detected at time: 151980000, Instance: astar_gnps_tb.u_astar_gnps.openlist_g2_i.inst.native_mem_module.blk_mem_gen_v8_4_2_inst, A write address: 80, B read address: 80
blk_mem_gen_v8_4_2 collision detected at time: 152000000, Instance: astar_gnps_tb.u_astar_gnps.openlist_g2_i.inst.native_mem_module.blk_mem_gen_v8_4_2_inst, A write address: 80, B read address: 80
blk_mem_gen_v8_4_2 collision detected at time: 152020000, Instance: astar_gnps_tb.u_astar_gnps.openlist_g2_i.inst.native_mem_module.blk_mem_gen_v8_4_2_inst, A write address: 80, B read address: 80
blk_mem_gen_v8_4_2 collision detected at time: 152040000, Instance: astar_gnps_tb.u_astar_gnps.openlist_g2_i.inst.native_mem_module.blk_mem_gen_v8_4_2_inst, A write address: 80, B read address: 80
blk_mem_gen_v8_4_2 collision detected at time: 152060000, Instance: astar_gnps_tb.u_astar_gnps.openlist_g2_i.inst.native_mem_module.blk_mem_gen_v8_4_2_inst, A write address: 80, B read address: 80
blk_mem_gen_v8_4_2 collision detected at time: 152080000, Instance: astar_gnps_tb.u_astar_gnps.openlist_g2_i.inst.native_mem_module.blk_mem_gen_v8_4_2_inst, A write address: 80, B read address: 80
blk_mem_gen_v8_4_2 collision detected at time: 152100000, Instance: astar_gnps_tb.u_astar_gnps.openlist_g2_i.inst.native_mem_module.blk_mem_gen_v8_4_2_inst, A write address: 80, B read address: 80
blk_mem_gen_v8_4_2 collision detected at time: 152120000, Instance: astar_gnps_tb.u_astar_gnps.openlist_g2_i.inst.native_mem_module.blk_mem_gen_v8_4_2_inst, A write address: 80, B read address: 80
blk_mem_gen_v8_4_2 collision detected at time: 152140000, Instance: astar_gnps_tb.u_astar_gnps.openlist_g2_i.inst.native_mem_module.blk_mem_gen_v8_4_2_inst, A write address: 80, B read address: 80
blk_mem_gen_v8_4_2 collision detected at time: 152160000, Instance: astar_gnps_tb.u_astar_gnps.openlist_g2_i.inst.native_mem_module.blk_mem_gen_v8_4_2_inst, A write address: 80, B read address: 80
blk_mem_gen_v8_4_2 collision detected at time: 152180000, Instance: astar_gnps_tb.u_astar_gnps.openlist_g2_i.inst.native_mem_module.blk_mem_gen_v8_4_2_inst, A write address: 80, B read address: 80
blk_mem_gen_v8_4_2 collision detected at time: 152200000, Instance: astar_gnps_tb.u_astar_gnps.openlist_g2_i.inst.native_mem_module.blk_mem_gen_v8_4_2_inst, A write address: 80, B read address: 80
blk_mem_gen_v8_4_2 collision detected at time: 152220000, Instance: astar_gnps_tb.u_astar_gnps.openlist_g2_i.inst.native_mem_module.blk_mem_gen_v8_4_2_inst, A write address: 80, B read address: 80
blk_mem_gen_v8_4_2 collision detected at time: 152240000, Instance: astar_gnps_tb.u_astar_gnps.openlist_g2_i.inst.native_mem_module.blk_mem_gen_v8_4_2_inst, A write address: 80, B read address: 80
blk_mem_gen_v8_4_2 collision detected at time: 152260000, Instance: astar_gnps_tb.u_astar_gnps.openlist_g2_i.inst.native_mem_module.blk_mem_gen_v8_4_2_inst, A write address: 80, B read address: 80
blk_mem_gen_v8_4_2 collision detected at time: 152280000, Instance: astar_gnps_tb.u_astar_gnps.openlist_g2_i.inst.native_mem_module.blk_mem_gen_v8_4_2_inst, A write address: 80, B read address: 80
blk_mem_gen_v8_4_2 collision detected at time: 152300000, Instance: astar_gnps_tb.u_astar_gnps.openlist_g2_i.inst.native_mem_module.blk_mem_gen_v8_4_2_inst, A write address: 80, B read address: 80
blk_mem_gen_v8_4_2 collision detected at time: 152320000, Instance: astar_gnps_tb.u_astar_gnps.openlist_g2_i.inst.native_mem_module.blk_mem_gen_v8_4_2_inst, A write address: 80, B read address: 80
blk_mem_gen_v8_4_2 collision detected at time: 152340000, Instance: astar_gnps_tb.u_astar_gnps.openlist_g2_i.inst.native_mem_module.blk_mem_gen_v8_4_2_inst, A write address: 80, B read address: 80
blk_mem_gen_v8_4_2 collision detected at time: 152360000, Instance: astar_gnps_tb.u_astar_gnps.openlist_g2_i.inst.native_mem_module.blk_mem_gen_v8_4_2_inst, A write address: 80, B read address: 80
blk_mem_gen_v8_4_2 collision detected at time: 152380000, Instance: astar_gnps_tb.u_astar_gnps.openlist_g2_i.inst.native_mem_module.blk_mem_gen_v8_4_2_inst, A write address: 80, B read address: 80
blk_mem_gen_v8_4_2 collision detected at time: 152400000, Instance: astar_gnps_tb.u_astar_gnps.openlist_g2_i.inst.native_mem_module.blk_mem_gen_v8_4_2_inst, A write address: 80, B read address: 80
blk_mem_gen_v8_4_2 collision detected at time: 152420000, Instance: astar_gnps_tb.u_astar_gnps.openlist_g2_i.inst.native_mem_module.blk_mem_gen_v8_4_2_inst, A write address: 80, B read address: 80
blk_mem_gen_v8_4_2 collision detected at time: 152440000, Instance: astar_gnps_tb.u_astar_gnps.openlist_g2_i.inst.native_mem_module.blk_mem_gen_v8_4_2_inst, A write address: 80, B read address: 80
blk_mem_gen_v8_4_2 collision detected at time: 152460000, Instance: astar_gnps_tb.u_astar_gnps.openlist_g2_i.inst.native_mem_module.blk_mem_gen_v8_4_2_inst, A write address: 80, B read address: 80
blk_mem_gen_v8_4_2 collision detected at time: 152480000, Instance: astar_gnps_tb.u_astar_gnps.openlist_g2_i.inst.native_mem_module.blk_mem_gen_v8_4_2_inst, A write address: 80, B read address: 80
blk_mem_gen_v8_4_2 collision detected at time: 152500000, Instance: astar_gnps_tb.u_astar_gnps.openlist_g2_i.inst.native_mem_module.blk_mem_gen_v8_4_2_inst, A write address: 80, B read address: 80
blk_mem_gen_v8_4_2 collision detected at time: 152520000, Instance: astar_gnps_tb.u_astar_gnps.openlist_g2_i.inst.native_mem_module.blk_mem_gen_v8_4_2_inst, A write address: 80, B read address: 80
blk_mem_gen_v8_4_2 collision detected at time: 152540000, Instance: astar_gnps_tb.u_astar_gnps.openlist_g2_i.inst.native_mem_module.blk_mem_gen_v8_4_2_inst, A write address: 80, B read address: 80
blk_mem_gen_v8_4_2 collision detected at time: 152560000, Instance: astar_gnps_tb.u_astar_gnps.openlist_g2_i.inst.native_mem_module.blk_mem_gen_v8_4_2_inst, A write address: 80, B read address: 80
blk_mem_gen_v8_4_2 collision detected at time: 152580000, Instance: astar_gnps_tb.u_astar_gnps.openlist_g2_i.inst.native_mem_module.blk_mem_gen_v8_4_2_inst, A write address: 80, B read address: 80
blk_mem_gen_v8_4_2 collision detected at time: 152600000, Instance: astar_gnps_tb.u_astar_gnps.openlist_g2_i.inst.native_mem_module.blk_mem_gen_v8_4_2_inst, A write address: 80, B read address: 80
blk_mem_gen_v8_4_2 collision detected at time: 152620000, Instance: astar_gnps_tb.u_astar_gnps.openlist_g2_i.inst.native_mem_module.blk_mem_gen_v8_4_2_inst, A write address: 80, B read address: 80
blk_mem_gen_v8_4_2 collision detected at time: 152640000, Instance: astar_gnps_tb.u_astar_gnps.openlist_g2_i.inst.native_mem_module.blk_mem_gen_v8_4_2_inst, A write address: 80, B read address: 80
blk_mem_gen_v8_4_2 collision detected at time: 152660000, Instance: astar_gnps_tb.u_astar_gnps.openlist_g2_i.inst.native_mem_module.blk_mem_gen_v8_4_2_inst, A write address: 80, B read address: 80
blk_mem_gen_v8_4_2 collision detected at time: 152680000, Instance: astar_gnps_tb.u_astar_gnps.openlist_g2_i.inst.native_mem_module.blk_mem_gen_v8_4_2_inst, A write address: 80, B read address: 80
blk_mem_gen_v8_4_2 collision detected at time: 152700000, Instance: astar_gnps_tb.u_astar_gnps.openlist_g2_i.inst.native_mem_module.blk_mem_gen_v8_4_2_inst, A write address: 80, B read address: 80
blk_mem_gen_v8_4_2 collision detected at time: 152720000, Instance: astar_gnps_tb.u_astar_gnps.openlist_g2_i.inst.native_mem_module.blk_mem_gen_v8_4_2_inst, A write address: 80, B read address: 80
blk_mem_gen_v8_4_2 collision detected at time: 152740000, Instance: astar_gnps_tb.u_astar_gnps.openlist_g2_i.inst.native_mem_module.blk_mem_gen_v8_4_2_inst, A write address: 80, B read address: 80
blk_mem_gen_v8_4_2 collision detected at time: 152760000, Instance: astar_gnps_tb.u_astar_gnps.openlist_g2_i.inst.native_mem_module.blk_mem_gen_v8_4_2_inst, A write address: 80, B read address: 80
blk_mem_gen_v8_4_2 collision detected at time: 152780000, Instance: astar_gnps_tb.u_astar_gnps.openlist_g2_i.inst.native_mem_module.blk_mem_gen_v8_4_2_inst, A write address: 80, B read address: 80
blk_mem_gen_v8_4_2 collision detected at time: 152800000, Instance: astar_gnps_tb.u_astar_gnps.openlist_g2_i.inst.native_mem_module.blk_mem_gen_v8_4_2_inst, A write address: 80, B read address: 80
blk_mem_gen_v8_4_2 collision detected at time: 152820000, Instance: astar_gnps_tb.u_astar_gnps.openlist_g2_i.inst.native_mem_module.blk_mem_gen_v8_4_2_inst, A write address: 80, B read address: 80
blk_mem_gen_v8_4_2 collision detected at time: 152840000, Instance: astar_gnps_tb.u_astar_gnps.openlist_g2_i.inst.native_mem_module.blk_mem_gen_v8_4_2_inst, A write address: 80, B read address: 80
blk_mem_gen_v8_4_2 collision detected at time: 152860000, Instance: astar_gnps_tb.u_astar_gnps.openlist_g2_i.inst.native_mem_module.blk_mem_gen_v8_4_2_inst, A write address: 80, B read address: 80
blk_mem_gen_v8_4_2 collision detected at time: 152880000, Instance: astar_gnps_tb.u_astar_gnps.openlist_g2_i.inst.native_mem_module.blk_mem_gen_v8_4_2_inst, A write address: 80, B read address: 80
blk_mem_gen_v8_4_2 collision detected at time: 152900000, Instance: astar_gnps_tb.u_astar_gnps.openlist_g2_i.inst.native_mem_module.blk_mem_gen_v8_4_2_inst, A write address: 80, B read address: 80
blk_mem_gen_v8_4_2 collision detected at time: 152920000, Instance: astar_gnps_tb.u_astar_gnps.openlist_g2_i.inst.native_mem_module.blk_mem_gen_v8_4_2_inst, A write address: 80, B read address: 80
blk_mem_gen_v8_4_2 collision detected at time: 152940000, Instance: astar_gnps_tb.u_astar_gnps.openlist_g2_i.inst.native_mem_module.blk_mem_gen_v8_4_2_inst, A write address: 80, B read address: 80
blk_mem_gen_v8_4_2 collision detected at time: 152960000, Instance: astar_gnps_tb.u_astar_gnps.openlist_g2_i.inst.native_mem_module.blk_mem_gen_v8_4_2_inst, A write address: 80, B read address: 80
blk_mem_gen_v8_4_2 collision detected at time: 152980000, Instance: astar_gnps_tb.u_astar_gnps.openlist_g2_i.inst.native_mem_module.blk_mem_gen_v8_4_2_inst, A write address: 80, B read address: 80
blk_mem_gen_v8_4_2 collision detected at time: 153000000, Instance: astar_gnps_tb.u_astar_gnps.openlist_g2_i.inst.native_mem_module.blk_mem_gen_v8_4_2_inst, A write address: 80, B read address: 80
blk_mem_gen_v8_4_2 collision detected at time: 153020000, Instance: astar_gnps_tb.u_astar_gnps.openlist_g2_i.inst.native_mem_module.blk_mem_gen_v8_4_2_inst, A write address: 80, B read address: 80
blk_mem_gen_v8_4_2 collision detected at time: 153040000, Instance: astar_gnps_tb.u_astar_gnps.openlist_g2_i.inst.native_mem_module.blk_mem_gen_v8_4_2_inst, A write address: 80, B read address: 80
blk_mem_gen_v8_4_2 collision detected at time: 153060000, Instance: astar_gnps_tb.u_astar_gnps.openlist_g2_i.inst.native_mem_module.blk_mem_gen_v8_4_2_inst, A write address: 80, B read address: 80
blk_mem_gen_v8_4_2 collision detected at time: 153080000, Instance: astar_gnps_tb.u_astar_gnps.openlist_g2_i.inst.native_mem_module.blk_mem_gen_v8_4_2_inst, A write address: 80, B read address: 80
blk_mem_gen_v8_4_2 collision detected at time: 153100000, Instance: astar_gnps_tb.u_astar_gnps.openlist_g2_i.inst.native_mem_module.blk_mem_gen_v8_4_2_inst, A write address: 80, B read address: 80
blk_mem_gen_v8_4_2 collision detected at time: 153120000, Instance: astar_gnps_tb.u_astar_gnps.openlist_g2_i.inst.native_mem_module.blk_mem_gen_v8_4_2_inst, A write address: 80, B read address: 80
blk_mem_gen_v8_4_2 collision detected at time: 153140000, Instance: astar_gnps_tb.u_astar_gnps.openlist_g2_i.inst.native_mem_module.blk_mem_gen_v8_4_2_inst, A write address: 80, B read address: 80
blk_mem_gen_v8_4_2 collision detected at time: 153160000, Instance: astar_gnps_tb.u_astar_gnps.openlist_g2_i.inst.native_mem_module.blk_mem_gen_v8_4_2_inst, A write address: 80, B read address: 80
blk_mem_gen_v8_4_2 collision detected at time: 153180000, Instance: astar_gnps_tb.u_astar_gnps.openlist_g2_i.inst.native_mem_module.blk_mem_gen_v8_4_2_inst, A write address: 80, B read address: 80
blk_mem_gen_v8_4_2 collision detected at time: 153200000, Instance: astar_gnps_tb.u_astar_gnps.openlist_g2_i.inst.native_mem_module.blk_mem_gen_v8_4_2_inst, A write address: 80, B read address: 80
blk_mem_gen_v8_4_2 collision detected at time: 153220000, Instance: astar_gnps_tb.u_astar_gnps.openlist_g2_i.inst.native_mem_module.blk_mem_gen_v8_4_2_inst, A write address: 80, B read address: 80
blk_mem_gen_v8_4_2 collision detected at time: 153240000, Instance: astar_gnps_tb.u_astar_gnps.openlist_g1_i.inst.native_mem_module.blk_mem_gen_v8_4_2_inst, A write address: 80, B read address: 80
blk_mem_gen_v8_4_2 collision detected at time: 153240000, Instance: astar_gnps_tb.u_astar_gnps.openlist_g2_i.inst.native_mem_module.blk_mem_gen_v8_4_2_inst, A write address: 80, B read address: 80
blk_mem_gen_v8_4_2 collision detected at time: 153260000, Instance: astar_gnps_tb.u_astar_gnps.openlist_g2_i.inst.native_mem_module.blk_mem_gen_v8_4_2_inst, A write address: 80, B read address: 80
blk_mem_gen_v8_4_2 collision detected at time: 157360000, Instance: astar_gnps_tb.u_astar_gnps.openlist_g2_i.inst.native_mem_module.blk_mem_gen_v8_4_2_inst, A write address: 82, B read address: 82
blk_mem_gen_v8_4_2 collision detected at time: 157380000, Instance: astar_gnps_tb.u_astar_gnps.openlist_g2_i.inst.native_mem_module.blk_mem_gen_v8_4_2_inst, A write address: 82, B read address: 82
blk_mem_gen_v8_4_2 collision detected at time: 157400000, Instance: astar_gnps_tb.u_astar_gnps.openlist_g2_i.inst.native_mem_module.blk_mem_gen_v8_4_2_inst, A write address: 82, B read address: 82
blk_mem_gen_v8_4_2 collision detected at time: 157420000, Instance: astar_gnps_tb.u_astar_gnps.openlist_g2_i.inst.native_mem_module.blk_mem_gen_v8_4_2_inst, A write address: 82, B read address: 82
blk_mem_gen_v8_4_2 collision detected at time: 157440000, Instance: astar_gnps_tb.u_astar_gnps.openlist_g2_i.inst.native_mem_module.blk_mem_gen_v8_4_2_inst, A write address: 82, B read address: 82
blk_mem_gen_v8_4_2 collision detected at time: 157460000, Instance: astar_gnps_tb.u_astar_gnps.openlist_g2_i.inst.native_mem_module.blk_mem_gen_v8_4_2_inst, A write address: 82, B read address: 82
blk_mem_gen_v8_4_2 collision detected at time: 157480000, Instance: astar_gnps_tb.u_astar_gnps.openlist_g2_i.inst.native_mem_module.blk_mem_gen_v8_4_2_inst, A write address: 82, B read address: 82
blk_mem_gen_v8_4_2 collision detected at time: 157500000, Instance: astar_gnps_tb.u_astar_gnps.openlist_g2_i.inst.native_mem_module.blk_mem_gen_v8_4_2_inst, A write address: 82, B read address: 82
blk_mem_gen_v8_4_2 collision detected at time: 157520000, Instance: astar_gnps_tb.u_astar_gnps.openlist_g2_i.inst.native_mem_module.blk_mem_gen_v8_4_2_inst, A write address: 82, B read address: 82
blk_mem_gen_v8_4_2 collision detected at time: 157540000, Instance: astar_gnps_tb.u_astar_gnps.openlist_g2_i.inst.native_mem_module.blk_mem_gen_v8_4_2_inst, A write address: 82, B read address: 82
blk_mem_gen_v8_4_2 collision detected at time: 157560000, Instance: astar_gnps_tb.u_astar_gnps.openlist_g2_i.inst.native_mem_module.blk_mem_gen_v8_4_2_inst, A write address: 82, B read address: 82
blk_mem_gen_v8_4_2 collision detected at time: 157580000, Instance: astar_gnps_tb.u_astar_gnps.openlist_g2_i.inst.native_mem_module.blk_mem_gen_v8_4_2_inst, A write address: 82, B read address: 82
blk_mem_gen_v8_4_2 collision detected at time: 157600000, Instance: astar_gnps_tb.u_astar_gnps.openlist_g2_i.inst.native_mem_module.blk_mem_gen_v8_4_2_inst, A write address: 82, B read address: 82
blk_mem_gen_v8_4_2 collision detected at time: 157620000, Instance: astar_gnps_tb.u_astar_gnps.openlist_g2_i.inst.native_mem_module.blk_mem_gen_v8_4_2_inst, A write address: 82, B read address: 82
blk_mem_gen_v8_4_2 collision detected at time: 157640000, Instance: astar_gnps_tb.u_astar_gnps.openlist_g2_i.inst.native_mem_module.blk_mem_gen_v8_4_2_inst, A write address: 82, B read address: 82
blk_mem_gen_v8_4_2 collision detected at time: 157660000, Instance: astar_gnps_tb.u_astar_gnps.openlist_g2_i.inst.native_mem_module.blk_mem_gen_v8_4_2_inst, A write address: 82, B read address: 82
blk_mem_gen_v8_4_2 collision detected at time: 157680000, Instance: astar_gnps_tb.u_astar_gnps.openlist_g2_i.inst.native_mem_module.blk_mem_gen_v8_4_2_inst, A write address: 82, B read address: 82
blk_mem_gen_v8_4_2 collision detected at time: 157700000, Instance: astar_gnps_tb.u_astar_gnps.openlist_g2_i.inst.native_mem_module.blk_mem_gen_v8_4_2_inst, A write address: 82, B read address: 82
blk_mem_gen_v8_4_2 collision detected at time: 157720000, Instance: astar_gnps_tb.u_astar_gnps.openlist_g2_i.inst.native_mem_module.blk_mem_gen_v8_4_2_inst, A write address: 82, B read address: 82
blk_mem_gen_v8_4_2 collision detected at time: 157740000, Instance: astar_gnps_tb.u_astar_gnps.openlist_g2_i.inst.native_mem_module.blk_mem_gen_v8_4_2_inst, A write address: 82, B read address: 82
blk_mem_gen_v8_4_2 collision detected at time: 157760000, Instance: astar_gnps_tb.u_astar_gnps.openlist_g2_i.inst.native_mem_module.blk_mem_gen_v8_4_2_inst, A write address: 82, B read address: 82
blk_mem_gen_v8_4_2 collision detected at time: 157780000, Instance: astar_gnps_tb.u_astar_gnps.openlist_g2_i.inst.native_mem_module.blk_mem_gen_v8_4_2_inst, A write address: 82, B read address: 82
blk_mem_gen_v8_4_2 collision detected at time: 157800000, Instance: astar_gnps_tb.u_astar_gnps.openlist_g2_i.inst.native_mem_module.blk_mem_gen_v8_4_2_inst, A write address: 82, B read address: 82
blk_mem_gen_v8_4_2 collision detected at time: 157820000, Instance: astar_gnps_tb.u_astar_gnps.openlist_g2_i.inst.native_mem_module.blk_mem_gen_v8_4_2_inst, A write address: 82, B read address: 82
blk_mem_gen_v8_4_2 collision detected at time: 157840000, Instance: astar_gnps_tb.u_astar_gnps.openlist_g2_i.inst.native_mem_module.blk_mem_gen_v8_4_2_inst, A write address: 82, B read address: 82
blk_mem_gen_v8_4_2 collision detected at time: 157860000, Instance: astar_gnps_tb.u_astar_gnps.openlist_g2_i.inst.native_mem_module.blk_mem_gen_v8_4_2_inst, A write address: 82, B read address: 82
blk_mem_gen_v8_4_2 collision detected at time: 157880000, Instance: astar_gnps_tb.u_astar_gnps.openlist_g2_i.inst.native_mem_module.blk_mem_gen_v8_4_2_inst, A write address: 82, B read address: 82
blk_mem_gen_v8_4_2 collision detected at time: 157900000, Instance: astar_gnps_tb.u_astar_gnps.openlist_g2_i.inst.native_mem_module.blk_mem_gen_v8_4_2_inst, A write address: 82, B read address: 82
blk_mem_gen_v8_4_2 collision detected at time: 157920000, Instance: astar_gnps_tb.u_astar_gnps.openlist_g2_i.inst.native_mem_module.blk_mem_gen_v8_4_2_inst, A write address: 82, B read address: 82
blk_mem_gen_v8_4_2 collision detected at time: 157940000, Instance: astar_gnps_tb.u_astar_gnps.openlist_g2_i.inst.native_mem_module.blk_mem_gen_v8_4_2_inst, A write address: 82, B read address: 82
blk_mem_gen_v8_4_2 collision detected at time: 157960000, Instance: astar_gnps_tb.u_astar_gnps.openlist_g2_i.inst.native_mem_module.blk_mem_gen_v8_4_2_inst, A write address: 82, B read address: 82
blk_mem_gen_v8_4_2 collision detected at time: 157980000, Instance: astar_gnps_tb.u_astar_gnps.openlist_g2_i.inst.native_mem_module.blk_mem_gen_v8_4_2_inst, A write address: 82, B read address: 82
blk_mem_gen_v8_4_2 collision detected at time: 158000000, Instance: astar_gnps_tb.u_astar_gnps.openlist_g2_i.inst.native_mem_module.blk_mem_gen_v8_4_2_inst, A write address: 82, B read address: 82
blk_mem_gen_v8_4_2 collision detected at time: 158020000, Instance: astar_gnps_tb.u_astar_gnps.openlist_g2_i.inst.native_mem_module.blk_mem_gen_v8_4_2_inst, A write address: 82, B read address: 82
blk_mem_gen_v8_4_2 collision detected at time: 158040000, Instance: astar_gnps_tb.u_astar_gnps.openlist_g2_i.inst.native_mem_module.blk_mem_gen_v8_4_2_inst, A write address: 82, B read address: 82
blk_mem_gen_v8_4_2 collision detected at time: 158060000, Instance: astar_gnps_tb.u_astar_gnps.openlist_g2_i.inst.native_mem_module.blk_mem_gen_v8_4_2_inst, A write address: 82, B read address: 82
blk_mem_gen_v8_4_2 collision detected at time: 158080000, Instance: astar_gnps_tb.u_astar_gnps.openlist_g2_i.inst.native_mem_module.blk_mem_gen_v8_4_2_inst, A write address: 82, B read address: 82
blk_mem_gen_v8_4_2 collision detected at time: 158100000, Instance: astar_gnps_tb.u_astar_gnps.openlist_g2_i.inst.native_mem_module.blk_mem_gen_v8_4_2_inst, A write address: 82, B read address: 82
blk_mem_gen_v8_4_2 collision detected at time: 158120000, Instance: astar_gnps_tb.u_astar_gnps.openlist_g2_i.inst.native_mem_module.blk_mem_gen_v8_4_2_inst, A write address: 82, B read address: 82
blk_mem_gen_v8_4_2 collision detected at time: 158140000, Instance: astar_gnps_tb.u_astar_gnps.openlist_g2_i.inst.native_mem_module.blk_mem_gen_v8_4_2_inst, A write address: 82, B read address: 82
blk_mem_gen_v8_4_2 collision detected at time: 158160000, Instance: astar_gnps_tb.u_astar_gnps.openlist_g2_i.inst.native_mem_module.blk_mem_gen_v8_4_2_inst, A write address: 82, B read address: 82
blk_mem_gen_v8_4_2 collision detected at time: 158180000, Instance: astar_gnps_tb.u_astar_gnps.openlist_g2_i.inst.native_mem_module.blk_mem_gen_v8_4_2_inst, A write address: 82, B read address: 82
blk_mem_gen_v8_4_2 collision detected at time: 158200000, Instance: astar_gnps_tb.u_astar_gnps.openlist_g2_i.inst.native_mem_module.blk_mem_gen_v8_4_2_inst, A write address: 82, B read address: 82
blk_mem_gen_v8_4_2 collision detected at time: 158220000, Instance: astar_gnps_tb.u_astar_gnps.openlist_g2_i.inst.native_mem_module.blk_mem_gen_v8_4_2_inst, A write address: 82, B read address: 82
blk_mem_gen_v8_4_2 collision detected at time: 158240000, Instance: astar_gnps_tb.u_astar_gnps.openlist_g2_i.inst.native_mem_module.blk_mem_gen_v8_4_2_inst, A write address: 82, B read address: 82
blk_mem_gen_v8_4_2 collision detected at time: 158260000, Instance: astar_gnps_tb.u_astar_gnps.openlist_g2_i.inst.native_mem_module.blk_mem_gen_v8_4_2_inst, A write address: 82, B read address: 82
blk_mem_gen_v8_4_2 collision detected at time: 158280000, Instance: astar_gnps_tb.u_astar_gnps.openlist_g2_i.inst.native_mem_module.blk_mem_gen_v8_4_2_inst, A write address: 82, B read address: 82
blk_mem_gen_v8_4_2 collision detected at time: 158300000, Instance: astar_gnps_tb.u_astar_gnps.openlist_g2_i.inst.native_mem_module.blk_mem_gen_v8_4_2_inst, A write address: 82, B read address: 82
blk_mem_gen_v8_4_2 collision detected at time: 158320000, Instance: astar_gnps_tb.u_astar_gnps.openlist_g2_i.inst.native_mem_module.blk_mem_gen_v8_4_2_inst, A write address: 82, B read address: 82
blk_mem_gen_v8_4_2 collision detected at time: 158340000, Instance: astar_gnps_tb.u_astar_gnps.openlist_g2_i.inst.native_mem_module.blk_mem_gen_v8_4_2_inst, A write address: 82, B read address: 82
blk_mem_gen_v8_4_2 collision detected at time: 158360000, Instance: astar_gnps_tb.u_astar_gnps.openlist_g2_i.inst.native_mem_module.blk_mem_gen_v8_4_2_inst, A write address: 82, B read address: 82
blk_mem_gen_v8_4_2 collision detected at time: 158380000, Instance: astar_gnps_tb.u_astar_gnps.openlist_g2_i.inst.native_mem_module.blk_mem_gen_v8_4_2_inst, A write address: 82, B read address: 82
blk_mem_gen_v8_4_2 collision detected at time: 158400000, Instance: astar_gnps_tb.u_astar_gnps.openlist_g2_i.inst.native_mem_module.blk_mem_gen_v8_4_2_inst, A write address: 82, B read address: 82
blk_mem_gen_v8_4_2 collision detected at time: 158420000, Instance: astar_gnps_tb.u_astar_gnps.openlist_g2_i.inst.native_mem_module.blk_mem_gen_v8_4_2_inst, A write address: 82, B read address: 82
blk_mem_gen_v8_4_2 collision detected at time: 158440000, Instance: astar_gnps_tb.u_astar_gnps.openlist_g2_i.inst.native_mem_module.blk_mem_gen_v8_4_2_inst, A write address: 82, B read address: 82
blk_mem_gen_v8_4_2 collision detected at time: 158460000, Instance: astar_gnps_tb.u_astar_gnps.openlist_g2_i.inst.native_mem_module.blk_mem_gen_v8_4_2_inst, A write address: 82, B read address: 82
blk_mem_gen_v8_4_2 collision detected at time: 158480000, Instance: astar_gnps_tb.u_astar_gnps.openlist_g2_i.inst.native_mem_module.blk_mem_gen_v8_4_2_inst, A write address: 82, B read address: 82
blk_mem_gen_v8_4_2 collision detected at time: 158500000, Instance: astar_gnps_tb.u_astar_gnps.openlist_g2_i.inst.native_mem_module.blk_mem_gen_v8_4_2_inst, A write address: 82, B read address: 82
blk_mem_gen_v8_4_2 collision detected at time: 158520000, Instance: astar_gnps_tb.u_astar_gnps.openlist_g2_i.inst.native_mem_module.blk_mem_gen_v8_4_2_inst, A write address: 82, B read address: 82
blk_mem_gen_v8_4_2 collision detected at time: 158540000, Instance: astar_gnps_tb.u_astar_gnps.openlist_g2_i.inst.native_mem_module.blk_mem_gen_v8_4_2_inst, A write address: 82, B read address: 82
blk_mem_gen_v8_4_2 collision detected at time: 158560000, Instance: astar_gnps_tb.u_astar_gnps.openlist_g2_i.inst.native_mem_module.blk_mem_gen_v8_4_2_inst, A write address: 82, B read address: 82
blk_mem_gen_v8_4_2 collision detected at time: 158580000, Instance: astar_gnps_tb.u_astar_gnps.openlist_g2_i.inst.native_mem_module.blk_mem_gen_v8_4_2_inst, A write address: 82, B read address: 82
blk_mem_gen_v8_4_2 collision detected at time: 158600000, Instance: astar_gnps_tb.u_astar_gnps.openlist_g2_i.inst.native_mem_module.blk_mem_gen_v8_4_2_inst, A write address: 82, B read address: 82
blk_mem_gen_v8_4_2 collision detected at time: 158620000, Instance: astar_gnps_tb.u_astar_gnps.openlist_g2_i.inst.native_mem_module.blk_mem_gen_v8_4_2_inst, A write address: 82, B read address: 82
blk_mem_gen_v8_4_2 collision detected at time: 158640000, Instance: astar_gnps_tb.u_astar_gnps.openlist_g2_i.inst.native_mem_module.blk_mem_gen_v8_4_2_inst, A write address: 82, B read address: 82
blk_mem_gen_v8_4_2 collision detected at time: 158660000, Instance: astar_gnps_tb.u_astar_gnps.openlist_g2_i.inst.native_mem_module.blk_mem_gen_v8_4_2_inst, A write address: 82, B read address: 82
blk_mem_gen_v8_4_2 collision detected at time: 158680000, Instance: astar_gnps_tb.u_astar_gnps.openlist_g2_i.inst.native_mem_module.blk_mem_gen_v8_4_2_inst, A write address: 82, B read address: 82
blk_mem_gen_v8_4_2 collision detected at time: 158700000, Instance: astar_gnps_tb.u_astar_gnps.openlist_g2_i.inst.native_mem_module.blk_mem_gen_v8_4_2_inst, A write address: 82, B read address: 82
blk_mem_gen_v8_4_2 collision detected at time: 158720000, Instance: astar_gnps_tb.u_astar_gnps.openlist_g2_i.inst.native_mem_module.blk_mem_gen_v8_4_2_inst, A write address: 82, B read address: 82
blk_mem_gen_v8_4_2 collision detected at time: 158740000, Instance: astar_gnps_tb.u_astar_gnps.openlist_g2_i.inst.native_mem_module.blk_mem_gen_v8_4_2_inst, A write address: 82, B read address: 82
blk_mem_gen_v8_4_2 collision detected at time: 158760000, Instance: astar_gnps_tb.u_astar_gnps.openlist_g2_i.inst.native_mem_module.blk_mem_gen_v8_4_2_inst, A write address: 82, B read address: 82
blk_mem_gen_v8_4_2 collision detected at time: 158780000, Instance: astar_gnps_tb.u_astar_gnps.openlist_g2_i.inst.native_mem_module.blk_mem_gen_v8_4_2_inst, A write address: 82, B read address: 82
blk_mem_gen_v8_4_2 collision detected at time: 158800000, Instance: astar_gnps_tb.u_astar_gnps.openlist_g2_i.inst.native_mem_module.blk_mem_gen_v8_4_2_inst, A write address: 82, B read address: 82
blk_mem_gen_v8_4_2 collision detected at time: 158820000, Instance: astar_gnps_tb.u_astar_gnps.openlist_g2_i.inst.native_mem_module.blk_mem_gen_v8_4_2_inst, A write address: 82, B read address: 82
blk_mem_gen_v8_4_2 collision detected at time: 158840000, Instance: astar_gnps_tb.u_astar_gnps.openlist_g2_i.inst.native_mem_module.blk_mem_gen_v8_4_2_inst, A write address: 82, B read address: 82
blk_mem_gen_v8_4_2 collision detected at time: 158860000, Instance: astar_gnps_tb.u_astar_gnps.openlist_g2_i.inst.native_mem_module.blk_mem_gen_v8_4_2_inst, A write address: 82, B read address: 82
blk_mem_gen_v8_4_2 collision detected at time: 158880000, Instance: astar_gnps_tb.u_astar_gnps.openlist_g2_i.inst.native_mem_module.blk_mem_gen_v8_4_2_inst, A write address: 82, B read address: 82
blk_mem_gen_v8_4_2 collision detected at time: 158900000, Instance: astar_gnps_tb.u_astar_gnps.openlist_g2_i.inst.native_mem_module.blk_mem_gen_v8_4_2_inst, A write address: 82, B read address: 82
blk_mem_gen_v8_4_2 collision detected at time: 158920000, Instance: astar_gnps_tb.u_astar_gnps.openlist_g2_i.inst.native_mem_module.blk_mem_gen_v8_4_2_inst, A write address: 82, B read address: 82
blk_mem_gen_v8_4_2 collision detected at time: 158940000, Instance: astar_gnps_tb.u_astar_gnps.openlist_g2_i.inst.native_mem_module.blk_mem_gen_v8_4_2_inst, A write address: 82, B read address: 82
blk_mem_gen_v8_4_2 collision detected at time: 158960000, Instance: astar_gnps_tb.u_astar_gnps.openlist_g2_i.inst.native_mem_module.blk_mem_gen_v8_4_2_inst, A write address: 82, B read address: 82
blk_mem_gen_v8_4_2 collision detected at time: 158980000, Instance: astar_gnps_tb.u_astar_gnps.openlist_g2_i.inst.native_mem_module.blk_mem_gen_v8_4_2_inst, A write address: 82, B read address: 82
blk_mem_gen_v8_4_2 collision detected at time: 159000000, Instance: astar_gnps_tb.u_astar_gnps.openlist_g2_i.inst.native_mem_module.blk_mem_gen_v8_4_2_inst, A write address: 82, B read address: 82
blk_mem_gen_v8_4_2 collision detected at time: 159020000, Instance: astar_gnps_tb.u_astar_gnps.openlist_g2_i.inst.native_mem_module.blk_mem_gen_v8_4_2_inst, A write address: 82, B read address: 82
blk_mem_gen_v8_4_2 collision detected at time: 159040000, Instance: astar_gnps_tb.u_astar_gnps.openlist_g2_i.inst.native_mem_module.blk_mem_gen_v8_4_2_inst, A write address: 82, B read address: 82
blk_mem_gen_v8_4_2 collision detected at time: 159060000, Instance: astar_gnps_tb.u_astar_gnps.openlist_g2_i.inst.native_mem_module.blk_mem_gen_v8_4_2_inst, A write address: 82, B read address: 82
blk_mem_gen_v8_4_2 collision detected at time: 159080000, Instance: astar_gnps_tb.u_astar_gnps.openlist_g2_i.inst.native_mem_module.blk_mem_gen_v8_4_2_inst, A write address: 82, B read address: 82
blk_mem_gen_v8_4_2 collision detected at time: 159100000, Instance: astar_gnps_tb.u_astar_gnps.openlist_g2_i.inst.native_mem_module.blk_mem_gen_v8_4_2_inst, A write address: 82, B read address: 82
blk_mem_gen_v8_4_2 collision detected at time: 159120000, Instance: astar_gnps_tb.u_astar_gnps.openlist_g2_i.inst.native_mem_module.blk_mem_gen_v8_4_2_inst, A write address: 82, B read address: 82
blk_mem_gen_v8_4_2 collision detected at time: 159140000, Instance: astar_gnps_tb.u_astar_gnps.openlist_g2_i.inst.native_mem_module.blk_mem_gen_v8_4_2_inst, A write address: 82, B read address: 82
blk_mem_gen_v8_4_2 collision detected at time: 159160000, Instance: astar_gnps_tb.u_astar_gnps.openlist_g2_i.inst.native_mem_module.blk_mem_gen_v8_4_2_inst, A write address: 82, B read address: 82
blk_mem_gen_v8_4_2 collision detected at time: 159180000, Instance: astar_gnps_tb.u_astar_gnps.openlist_g2_i.inst.native_mem_module.blk_mem_gen_v8_4_2_inst, A write address: 82, B read address: 82
blk_mem_gen_v8_4_2 collision detected at time: 159200000, Instance: astar_gnps_tb.u_astar_gnps.openlist_g2_i.inst.native_mem_module.blk_mem_gen_v8_4_2_inst, A write address: 82, B read address: 82
blk_mem_gen_v8_4_2 collision detected at time: 159220000, Instance: astar_gnps_tb.u_astar_gnps.openlist_g2_i.inst.native_mem_module.blk_mem_gen_v8_4_2_inst, A write address: 82, B read address: 82
blk_mem_gen_v8_4_2 collision detected at time: 159240000, Instance: astar_gnps_tb.u_astar_gnps.openlist_g2_i.inst.native_mem_module.blk_mem_gen_v8_4_2_inst, A write address: 82, B read address: 82
blk_mem_gen_v8_4_2 collision detected at time: 159260000, Instance: astar_gnps_tb.u_astar_gnps.openlist_g2_i.inst.native_mem_module.blk_mem_gen_v8_4_2_inst, A write address: 82, B read address: 82
blk_mem_gen_v8_4_2 collision detected at time: 159280000, Instance: astar_gnps_tb.u_astar_gnps.openlist_g2_i.inst.native_mem_module.blk_mem_gen_v8_4_2_inst, A write address: 82, B read address: 82
blk_mem_gen_v8_4_2 collision detected at time: 159300000, Instance: astar_gnps_tb.u_astar_gnps.openlist_g2_i.inst.native_mem_module.blk_mem_gen_v8_4_2_inst, A write address: 82, B read address: 82
blk_mem_gen_v8_4_2 collision detected at time: 159320000, Instance: astar_gnps_tb.u_astar_gnps.openlist_g2_i.inst.native_mem_module.blk_mem_gen_v8_4_2_inst, A write address: 82, B read address: 82
blk_mem_gen_v8_4_2 collision detected at time: 159340000, Instance: astar_gnps_tb.u_astar_gnps.openlist_g2_i.inst.native_mem_module.blk_mem_gen_v8_4_2_inst, A write address: 82, B read address: 82
blk_mem_gen_v8_4_2 collision detected at time: 159360000, Instance: astar_gnps_tb.u_astar_gnps.openlist_g2_i.inst.native_mem_module.blk_mem_gen_v8_4_2_inst, A write address: 82, B read address: 82
blk_mem_gen_v8_4_2 collision detected at time: 159380000, Instance: astar_gnps_tb.u_astar_gnps.openlist_g2_i.inst.native_mem_module.blk_mem_gen_v8_4_2_inst, A write address: 82, B read address: 82
blk_mem_gen_v8_4_2 collision detected at time: 159400000, Instance: astar_gnps_tb.u_astar_gnps.openlist_g2_i.inst.native_mem_module.blk_mem_gen_v8_4_2_inst, A write address: 82, B read address: 82
blk_mem_gen_v8_4_2 collision detected at time: 159420000, Instance: astar_gnps_tb.u_astar_gnps.openlist_g2_i.inst.native_mem_module.blk_mem_gen_v8_4_2_inst, A write address: 82, B read address: 82
blk_mem_gen_v8_4_2 collision detected at time: 159440000, Instance: astar_gnps_tb.u_astar_gnps.openlist_g2_i.inst.native_mem_module.blk_mem_gen_v8_4_2_inst, A write address: 82, B read address: 82
blk_mem_gen_v8_4_2 collision detected at time: 159460000, Instance: astar_gnps_tb.u_astar_gnps.openlist_g2_i.inst.native_mem_module.blk_mem_gen_v8_4_2_inst, A write address: 82, B read address: 82
blk_mem_gen_v8_4_2 collision detected at time: 159480000, Instance: astar_gnps_tb.u_astar_gnps.openlist_g2_i.inst.native_mem_module.blk_mem_gen_v8_4_2_inst, A write address: 82, B read address: 82
blk_mem_gen_v8_4_2 collision detected at time: 159500000, Instance: astar_gnps_tb.u_astar_gnps.openlist_g2_i.inst.native_mem_module.blk_mem_gen_v8_4_2_inst, A write address: 82, B read address: 82
blk_mem_gen_v8_4_2 collision detected at time: 159520000, Instance: astar_gnps_tb.u_astar_gnps.openlist_g2_i.inst.native_mem_module.blk_mem_gen_v8_4_2_inst, A write address: 82, B read address: 82
blk_mem_gen_v8_4_2 collision detected at time: 159540000, Instance: astar_gnps_tb.u_astar_gnps.openlist_g2_i.inst.native_mem_module.blk_mem_gen_v8_4_2_inst, A write address: 82, B read address: 82
blk_mem_gen_v8_4_2 collision detected at time: 159560000, Instance: astar_gnps_tb.u_astar_gnps.openlist_g2_i.inst.native_mem_module.blk_mem_gen_v8_4_2_inst, A write address: 82, B read address: 82
blk_mem_gen_v8_4_2 collision detected at time: 159580000, Instance: astar_gnps_tb.u_astar_gnps.openlist_g2_i.inst.native_mem_module.blk_mem_gen_v8_4_2_inst, A write address: 82, B read address: 82
blk_mem_gen_v8_4_2 collision detected at time: 159600000, Instance: astar_gnps_tb.u_astar_gnps.openlist_g2_i.inst.native_mem_module.blk_mem_gen_v8_4_2_inst, A write address: 82, B read address: 82
blk_mem_gen_v8_4_2 collision detected at time: 159620000, Instance: astar_gnps_tb.u_astar_gnps.openlist_g2_i.inst.native_mem_module.blk_mem_gen_v8_4_2_inst, A write address: 82, B read address: 82
blk_mem_gen_v8_4_2 collision detected at time: 159640000, Instance: astar_gnps_tb.u_astar_gnps.openlist_g2_i.inst.native_mem_module.blk_mem_gen_v8_4_2_inst, A write address: 82, B read address: 82
blk_mem_gen_v8_4_2 collision detected at time: 159660000, Instance: astar_gnps_tb.u_astar_gnps.openlist_g2_i.inst.native_mem_module.blk_mem_gen_v8_4_2_inst, A write address: 82, B read address: 82
blk_mem_gen_v8_4_2 collision detected at time: 159680000, Instance: astar_gnps_tb.u_astar_gnps.openlist_g2_i.inst.native_mem_module.blk_mem_gen_v8_4_2_inst, A write address: 82, B read address: 82
blk_mem_gen_v8_4_2 collision detected at time: 159700000, Instance: astar_gnps_tb.u_astar_gnps.openlist_g2_i.inst.native_mem_module.blk_mem_gen_v8_4_2_inst, A write address: 82, B read address: 82
blk_mem_gen_v8_4_2 collision detected at time: 159720000, Instance: astar_gnps_tb.u_astar_gnps.openlist_g2_i.inst.native_mem_module.blk_mem_gen_v8_4_2_inst, A write address: 82, B read address: 82
blk_mem_gen_v8_4_2 collision detected at time: 159740000, Instance: astar_gnps_tb.u_astar_gnps.openlist_g2_i.inst.native_mem_module.blk_mem_gen_v8_4_2_inst, A write address: 82, B read address: 82
blk_mem_gen_v8_4_2 collision detected at time: 159760000, Instance: astar_gnps_tb.u_astar_gnps.openlist_g2_i.inst.native_mem_module.blk_mem_gen_v8_4_2_inst, A write address: 82, B read address: 82
blk_mem_gen_v8_4_2 collision detected at time: 159780000, Instance: astar_gnps_tb.u_astar_gnps.openlist_g2_i.inst.native_mem_module.blk_mem_gen_v8_4_2_inst, A write address: 82, B read address: 82
blk_mem_gen_v8_4_2 collision detected at time: 159800000, Instance: astar_gnps_tb.u_astar_gnps.openlist_g2_i.inst.native_mem_module.blk_mem_gen_v8_4_2_inst, A write address: 82, B read address: 82
blk_mem_gen_v8_4_2 collision detected at time: 159820000, Instance: astar_gnps_tb.u_astar_gnps.openlist_g2_i.inst.native_mem_module.blk_mem_gen_v8_4_2_inst, A write address: 82, B read address: 82
blk_mem_gen_v8_4_2 collision detected at time: 159840000, Instance: astar_gnps_tb.u_astar_gnps.openlist_g2_i.inst.native_mem_module.blk_mem_gen_v8_4_2_inst, A write address: 82, B read address: 82
blk_mem_gen_v8_4_2 collision detected at time: 159860000, Instance: astar_gnps_tb.u_astar_gnps.openlist_g2_i.inst.native_mem_module.blk_mem_gen_v8_4_2_inst, A write address: 82, B read address: 82
blk_mem_gen_v8_4_2 collision detected at time: 159880000, Instance: astar_gnps_tb.u_astar_gnps.openlist_g2_i.inst.native_mem_module.blk_mem_gen_v8_4_2_inst, A write address: 82, B read address: 82
blk_mem_gen_v8_4_2 collision detected at time: 159900000, Instance: astar_gnps_tb.u_astar_gnps.openlist_g2_i.inst.native_mem_module.blk_mem_gen_v8_4_2_inst, A write address: 82, B read address: 82
blk_mem_gen_v8_4_2 collision detected at time: 159920000, Instance: astar_gnps_tb.u_astar_gnps.openlist_g2_i.inst.native_mem_module.blk_mem_gen_v8_4_2_inst, A write address: 82, B read address: 82
blk_mem_gen_v8_4_2 collision detected at time: 159940000, Instance: astar_gnps_tb.u_astar_gnps.openlist_g2_i.inst.native_mem_module.blk_mem_gen_v8_4_2_inst, A write address: 82, B read address: 82
blk_mem_gen_v8_4_2 collision detected at time: 159960000, Instance: astar_gnps_tb.u_astar_gnps.openlist_g1_i.inst.native_mem_module.blk_mem_gen_v8_4_2_inst, A write address: 82, B read address: 82
blk_mem_gen_v8_4_2 collision detected at time: 159960000, Instance: astar_gnps_tb.u_astar_gnps.openlist_g2_i.inst.native_mem_module.blk_mem_gen_v8_4_2_inst, A write address: 82, B read address: 82
blk_mem_gen_v8_4_2 collision detected at time: 159980000, Instance: astar_gnps_tb.u_astar_gnps.openlist_g2_i.inst.native_mem_module.blk_mem_gen_v8_4_2_inst, A write address: 82, B read address: 82
