#-----------------------------------------------------------
# Vivado v2018.3 (64-bit)
# SW Build 2405991 on Thu Dec  6 23:38:27 MST 2018
# IP Build 2404404 on Fri Dec  7 01:43:56 MST 2018
# Start of session at: Sat May 14 15:31:02 2022
# Process ID: 1016
# Current directory: G:/00Astar/Asatr16x16/top_astargnps
# Command line: vivado.exe -gui_launcher_event rodinguilauncherevent3244 G:\00Astar\Asatr16x16\top_astargnps\top_astargnps.xpr
# Log file: G:/00Astar/Asatr16x16/top_astargnps/vivado.log
# Journal file: G:/00Astar/Asatr16x16/top_astargnps\vivado.jou
#-----------------------------------------------------------
start_gui
open_project G:/00Astar/Asatr16x16/top_astargnps/top_astargnps.xpr
INFO: [Project 1-313] Project file moved from 'G:/00Astar/top_astargnps' since last save.
Scanning sources...
Finished scanning sources
INFO: [IP_Flow 19-234] Refreshing IP repositories
INFO: [IP_Flow 19-1704] No user IP repositories specified
INFO: [IP_Flow 19-2313] Loaded Vivado IP repository 'D:/Xilinx/Vivado/2018.3/data/ip'.
open_project: Time (s): cpu = 00:00:22 ; elapsed = 00:00:12 . Memory (MB): peak = 816.117 ; gain = 209.559
update_compile_order -fileset sources_1
set_property -dict [list CONFIG.CLKOUT4_USED {true} CONFIG.CLKOUT4_REQUESTED_OUT_FREQ {10.000} CONFIG.MMCM_DIVCLK_DIVIDE {1} CONFIG.MMCM_CLKOUT3_DIVIDE {100} CONFIG.NUM_OUT_CLKS {4} CONFIG.CLKOUT4_JITTER {178.053} CONFIG.CLKOUT4_PHASE_ERROR {89.971}] [get_ips clk_wiz_0]
generate_target all [get_files  G:/00Astar/Asatr16x16/top_astargnps/top_astargnps.srcs/sources_1/ip/clk_wiz_0/clk_wiz_0.xci]
INFO: [IP_Flow 19-1686] Generating 'Instantiation Template' target for IP 'clk_wiz_0'...
INFO: [IP_Flow 19-1686] Generating 'Synthesis' target for IP 'clk_wiz_0'...
INFO: [IP_Flow 19-1686] Generating 'Simulation' target for IP 'clk_wiz_0'...
INFO: [IP_Flow 19-1686] Generating 'Implementation' target for IP 'clk_wiz_0'...
INFO: [IP_Flow 19-1686] Generating 'Change Log' target for IP 'clk_wiz_0'...
catch { config_ip_cache -export [get_ips -all clk_wiz_0] }
export_ip_user_files -of_objects [get_files G:/00Astar/Asatr16x16/top_astargnps/top_astargnps.srcs/sources_1/ip/clk_wiz_0/clk_wiz_0.xci] -no_script -sync -force -quiet
reset_run clk_wiz_0_synth_1
launch_runs -jobs 4 clk_wiz_0_synth_1
[Sat May 14 16:30:48 2022] Launched clk_wiz_0_synth_1...
Run output will be captured here: G:/00Astar/Asatr16x16/top_astargnps/top_astargnps.runs/clk_wiz_0_synth_1/runme.log
export_simulation -of_objects [get_files G:/00Astar/Asatr16x16/top_astargnps/top_astargnps.srcs/sources_1/ip/clk_wiz_0/clk_wiz_0.xci] -directory G:/00Astar/Asatr16x16/top_astargnps/top_astargnps.ip_user_files/sim_scripts -ip_user_files_dir G:/00Astar/Asatr16x16/top_astargnps/top_astargnps.ip_user_files -ipstatic_source_dir G:/00Astar/Asatr16x16/top_astargnps/top_astargnps.ip_user_files/ipstatic -lib_map_path [list {modelsim=G:/00Astar/Asatr16x16/top_astargnps/top_astargnps.cache/compile_simlib/modelsim} {questa=G:/00Astar/Asatr16x16/top_astargnps/top_astargnps.cache/compile_simlib/questa} {riviera=G:/00Astar/Asatr16x16/top_astargnps/top_astargnps.cache/compile_simlib/riviera} {activehdl=G:/00Astar/Asatr16x16/top_astargnps/top_astargnps.cache/compile_simlib/activehdl}] -use_ip_compiled_libs -force -quiet
update_compile_order -fileset sources_1
update_compile_order -fileset sources_1
update_compile_order -fileset sources_1
reset_run synth_1
launch_runs impl_1 -to_step write_bitstream -jobs 4
[Sat May 14 16:39:12 2022] Launched synth_1...
Run output will be captured here: G:/00Astar/Asatr16x16/top_astargnps/top_astargnps.runs/synth_1/runme.log
[Sat May 14 16:39:12 2022] Launched impl_1...
Run output will be captured here: G:/00Astar/Asatr16x16/top_astargnps/top_astargnps.runs/impl_1/runme.log
WARNING: [IP_Flow 19-4067] Ignoring invalid widget type specified checkbox.Providing a default widget
WARNING: [IP_Flow 19-4067] Ignoring invalid widget type specified checkbox.Providing a default widget
create_ip -name ila -vendor xilinx.com -library ip -version 6.2 -module_name ila_0 -dir g:/00Astar/Asatr16x16/top_astargnps/top_astargnps.srcs/sources_1/ip
set_property -dict [list CONFIG.C_PROBE5_WIDTH {2} CONFIG.C_PROBE0_WIDTH {5} CONFIG.C_DATA_DEPTH {32768} CONFIG.C_NUM_OF_PROBES {6}] [get_ips ila_0]
generate_target {instantiation_template} [get_files g:/00Astar/Asatr16x16/top_astargnps/top_astargnps.srcs/sources_1/ip/ila_0/ila_0.xci]
INFO: [IP_Flow 19-1686] Generating 'Instantiation Template' target for IP 'ila_0'...
generate_target all [get_files  g:/00Astar/Asatr16x16/top_astargnps/top_astargnps.srcs/sources_1/ip/ila_0/ila_0.xci]
INFO: [IP_Flow 19-1686] Generating 'Synthesis' target for IP 'ila_0'...
WARNING: [IP_Flow 19-4994] Overwriting existing constraint file 'g:/00Astar/Asatr16x16/top_astargnps/top_astargnps.srcs/sources_1/ip/ila_0/ila_0_ooc.xdc'
INFO: [IP_Flow 19-1686] Generating 'Simulation' target for IP 'ila_0'...
INFO: [IP_Flow 19-1686] Generating 'Implementation' target for IP 'ila_0'...
INFO: [IP_Flow 19-1686] Generating 'Change Log' target for IP 'ila_0'...
catch { config_ip_cache -export [get_ips -all ila_0] }
export_ip_user_files -of_objects [get_files g:/00Astar/Asatr16x16/top_astargnps/top_astargnps.srcs/sources_1/ip/ila_0/ila_0.xci] -no_script -sync -force -quiet
create_ip_run [get_files -of_objects [get_fileset sources_1] g:/00Astar/Asatr16x16/top_astargnps/top_astargnps.srcs/sources_1/ip/ila_0/ila_0.xci]
launch_runs -jobs 4 ila_0_synth_1
[Sat May 14 16:51:44 2022] Launched ila_0_synth_1...
Run output will be captured here: G:/00Astar/Asatr16x16/top_astargnps/top_astargnps.runs/ila_0_synth_1/runme.log
export_simulation -of_objects [get_files g:/00Astar/Asatr16x16/top_astargnps/top_astargnps.srcs/sources_1/ip/ila_0/ila_0.xci] -directory G:/00Astar/Asatr16x16/top_astargnps/top_astargnps.ip_user_files/sim_scripts -ip_user_files_dir G:/00Astar/Asatr16x16/top_astargnps/top_astargnps.ip_user_files -ipstatic_source_dir G:/00Astar/Asatr16x16/top_astargnps/top_astargnps.ip_user_files/ipstatic -lib_map_path [list {modelsim=G:/00Astar/Asatr16x16/top_astargnps/top_astargnps.cache/compile_simlib/modelsim} {questa=G:/00Astar/Asatr16x16/top_astargnps/top_astargnps.cache/compile_simlib/questa} {riviera=G:/00Astar/Asatr16x16/top_astargnps/top_astargnps.cache/compile_simlib/riviera} {activehdl=G:/00Astar/Asatr16x16/top_astargnps/top_astargnps.cache/compile_simlib/activehdl}] -use_ip_compiled_libs -force -quiet
reset_run synth_1
WARNING: [Vivado 12-1017] Problems encountered:
1. Failed to delete one or more files in run directory G:/00Astar/Asatr16x16/top_astargnps/top_astargnps.runs/synth_1

launch_runs impl_1 -to_step write_bitstream -jobs 4
[Sat May 14 16:51:57 2022] Launched synth_1...
Run output will be captured here: G:/00Astar/Asatr16x16/top_astargnps/top_astargnps.runs/synth_1/runme.log
[Sat May 14 16:51:57 2022] Launched impl_1...
Run output will be captured here: G:/00Astar/Asatr16x16/top_astargnps/top_astargnps.runs/impl_1/runme.log
reset_run synth_1
WARNING: [Vivado 12-1017] Problems encountered:
1. Failed to delete one or more files in run directory G:/00Astar/Asatr16x16/top_astargnps/top_astargnps.runs/synth_1

launch_runs impl_1 -to_step write_bitstream -jobs 4
[Sat May 14 16:53:19 2022] Launched ila_0_synth_1, synth_1...
Run output will be captured here:
ila_0_synth_1: G:/00Astar/Asatr16x16/top_astargnps/top_astargnps.runs/ila_0_synth_1/runme.log
synth_1: G:/00Astar/Asatr16x16/top_astargnps/top_astargnps.runs/synth_1/runme.log
[Sat May 14 16:53:19 2022] Launched impl_1...
Run output will be captured here: G:/00Astar/Asatr16x16/top_astargnps/top_astargnps.runs/impl_1/runme.log
open_hw
connect_hw_server
INFO: [Labtools 27-2285] Connecting to hw_server url TCP:localhost:3121
INFO: [Labtools 27-2222] Launching hw_server...
INFO: [Labtools 27-2221] Launch Output:

****** Xilinx hw_server v2018.3
  **** Build date : Dec  7 2018-00:40:27
    ** Copyright 1986-2018 Xilinx, Inc. All Rights Reserved.


connect_hw_server: Time (s): cpu = 00:00:00 ; elapsed = 00:00:05 . Memory (MB): peak = 1355.656 ; gain = 0.000
open_hw_target
INFO: [Labtoolstcl 44-466] Opening hw_target localhost:3121/xilinx_tcf/Digilent/210249A14E25
open_hw_target: Time (s): cpu = 00:00:05 ; elapsed = 00:00:08 . Memory (MB): peak = 2269.559 ; gain = 913.902
set_property PROGRAM.FILE {G:/00Astar/Asatr16x16/top_astargnps/top_astargnps.runs/impl_1/top_astargnps.bit} [get_hw_devices xc7vx485t_0]
set_property PROBES.FILE {G:/00Astar/Asatr16x16/top_astargnps/top_astargnps.runs/impl_1/top_astargnps.ltx} [get_hw_devices xc7vx485t_0]
set_property FULL_PROBES.FILE {G:/00Astar/Asatr16x16/top_astargnps/top_astargnps.runs/impl_1/top_astargnps.ltx} [get_hw_devices xc7vx485t_0]
current_hw_device [get_hw_devices xc7vx485t_0]
refresh_hw_device [lindex [get_hw_devices xc7vx485t_0] 0]
INFO: [Labtools 27-1434] Device xc7vx485t (JTAG device index = 0) is programmed with a design that has no supported debug core(s) in it.
WARNING: [Labtools 27-3361] The debug hub core was not detected.
Resolution: 
1. Make sure the clock connected to the debug hub (dbg_hub) core is a free running clock and is active.
2. Make sure the BSCAN_SWITCH_USER_MASK device property in Vivado Hardware Manager reflects the user scan chain setting in the design and refresh the device.  To determine the user scan chain setting in the design, open the implemented design and use 'get_property C_USER_SCAN_CHAIN [get_debug_cores dbg_hub]'.
For more details on setting the scan chain property, consult the Vivado Debug and Programming User Guide (UG908).
WARNING: [Labtools 27-3413] Dropping logic core with cellname:'astar_gnps_i/ila_0_i' at location 'uuid_560412768D2E5C1CBBE2E9EC2FC1612C' from probes file, since it cannot be found on the programmed device.
set_property PROBES.FILE {G:/00Astar/Asatr16x16/top_astargnps/top_astargnps.runs/impl_1/top_astargnps.ltx} [get_hw_devices xc7vx485t_0]
set_property FULL_PROBES.FILE {G:/00Astar/Asatr16x16/top_astargnps/top_astargnps.runs/impl_1/top_astargnps.ltx} [get_hw_devices xc7vx485t_0]
set_property PROGRAM.FILE {G:/00Astar/Asatr16x16/top_astargnps/top_astargnps.runs/impl_1/top_astargnps.bit} [get_hw_devices xc7vx485t_0]
program_hw_devices [get_hw_devices xc7vx485t_0]
INFO: [Labtools 27-3164] End of startup status: HIGH
program_hw_devices: Time (s): cpu = 00:00:17 ; elapsed = 00:00:17 . Memory (MB): peak = 2280.477 ; gain = 0.137
refresh_hw_device [lindex [get_hw_devices xc7vx485t_0] 0]
INFO: [Labtools 27-2302] Device xc7vx485t (JTAG device index = 0) is programmed with a design that has 1 ILA core(s).
display_hw_ila_data [ get_hw_ila_data hw_ila_data_1 -of_objects [get_hw_ilas -of_objects [get_hw_devices xc7vx485t_0] -filter {CELL_NAME=~"astar_gnps_i/ila_0_i"}]]
set_property TRIGGER_COMPARE_VALUE eq1'b0 [get_hw_probes astar_gnps_i/led0 -of_objects [get_hw_ilas -of_objects [get_hw_devices xc7vx485t_0] -filter {CELL_NAME=~"astar_gnps_i/ila_0_i"}]]
set_property CONTROL.TRIGGER_CONDITION OR [get_hw_ilas -of_objects [get_hw_devices xc7vx485t_0] -filter {CELL_NAME=~"astar_gnps_i/ila_0_i"}]
set_property TRIGGER_COMPARE_VALUE eq1'b1 [get_hw_probes astar_gnps_i/findpath_flag -of_objects [get_hw_ilas -of_objects [get_hw_devices xc7vx485t_0] -filter {CELL_NAME=~"astar_gnps_i/ila_0_i"}]]
run_hw_ila [get_hw_ilas -of_objects [get_hw_devices xc7vx485t_0] -filter {CELL_NAME=~"astar_gnps_i/ila_0_i"}]
INFO: [Labtools 27-1964] The ILA core 'hw_ila_1' trigger was armed at 2022-May-14 17:43:54
run_hw_ila [get_hw_ilas -of_objects [get_hw_devices xc7vx485t_0] -filter {CELL_NAME=~"astar_gnps_i/ila_0_i"}]
INFO: [Labtools 27-1964] The ILA core 'hw_ila_1' trigger was armed at 2022-May-14 17:45:28
run_hw_ila [get_hw_ilas -of_objects [get_hw_devices xc7vx485t_0] -filter {CELL_NAME=~"astar_gnps_i/ila_0_i"}]
INFO: [Labtools 27-1964] The ILA core 'hw_ila_1' trigger was armed at 2022-May-14 17:45:39
run_hw_ila [get_hw_ilas -of_objects [get_hw_devices xc7vx485t_0] -filter {CELL_NAME=~"astar_gnps_i/ila_0_i"}]
INFO: [Labtools 27-1964] The ILA core 'hw_ila_1' trigger was armed at 2022-May-14 17:46:46
run_hw_ila [get_hw_ilas -of_objects [get_hw_devices xc7vx485t_0] -filter {CELL_NAME=~"astar_gnps_i/ila_0_i"}]
INFO: [Labtools 27-1964] The ILA core 'hw_ila_1' trigger was armed at 2022-May-14 17:46:54
set_property PROBES.FILE {} [get_hw_devices xc7vx485t_0]
set_property FULL_PROBES.FILE {} [get_hw_devices xc7vx485t_0]
set_property PROGRAM.FILE {G:/00Astar/Asatr16x16/top_astargnps/top_astargnps.runs/impl_1/top_astargnps.bit} [get_hw_devices xc7vx485t_0]
program_hw_devices [get_hw_devices xc7vx485t_0]
INFO: [Labtools 27-3164] End of startup status: HIGH
program_hw_devices: Time (s): cpu = 00:00:18 ; elapsed = 00:00:18 . Memory (MB): peak = 2435.383 ; gain = 0.000
refresh_hw_device [lindex [get_hw_devices xc7vx485t_0] 0]
INFO: [Labtools 27-2302] Device xc7vx485t (JTAG device index = 0) is programmed with a design that has 1 ILA core(s).
WARNING: [Labtools 27-1347] Unable to find Debug Probes file []. Please update hw_device property [PROBES.FILE]
 Update of hw_probe objects, will be skipped.
WARNING: [Labtools 27-1974] Mismatch between the design programmed into the device xc7vx485t_0 and the probes file(s) .
The device design has 1 ILA core(s) and 0 VIO core(s). 0 ILA core(s) and 0 VIO core(s) are matched in the probes file(s).
Resolution: 
1. Reprogram device with the correct programming file and associated probes file(s) OR
2. Goto device properties and associate the correct probes file(s) with the programming file already programmed in the device.
reset_run synth_1
launch_runs impl_1 -to_step write_bitstream -jobs 4
[Sat May 14 17:52:04 2022] Launched synth_1...
Run output will be captured here: G:/00Astar/Asatr16x16/top_astargnps/top_astargnps.runs/synth_1/runme.log
[Sat May 14 17:52:04 2022] Launched impl_1...
Run output will be captured here: G:/00Astar/Asatr16x16/top_astargnps/top_astargnps.runs/impl_1/runme.log
ERROR: [Labtoolstcl 44-513] HW Target shutdown. Closing target: localhost:3121/xilinx_tcf/Digilent/210249A14E25
HELP
WARNING: [Common 17-259] Unknown Tcl command 'HELP' sending command to the OS shell for execution. It is recommended to use 'exec' to send the command to the OS shell.
有关某个命令的详细信息，请键入 HELP 命令名
ASSOC          显示或修改文件扩展名关联。
ATTRIB         显示或更改文件属性。
BREAK          设置或清除扩展式 CTRL+C 检查。
BCDEDIT        设置启动数据库中的属性以控制启动加载。
CACLS          显示或修改文件的访问控制列表(ACL)。
CALL           从另一个批处理程序调用这一个。
CD             显示当前目录的名称或将其更改。
CHCP           显示或设置活动代码页数。
CHDIR          显示当前目录的名称或将其更改。
CHKDSK         检查磁盘并显示状态报告。
CHKNTFS        显示或修改启动时间磁盘检查。
CLS            清除屏幕。
CMD            打开另一个 Windows 命令解释程序窗口。
COLOR          设置默认控制台前景和背景颜色。
COMP           比较两个或两套文件的内容。
COMPACT        显示或更改 NTFS 分区上文件的压缩。
CONVERT        将 FAT 卷转换成 NTFS。你不能转换
               当前驱动器。
COPY           将至少一个文件复制到另一个位置。
DATE           显示或设置日期。
DEL            删除至少一个文件。
DIR            显示一个目录中的文件和子目录。
DISKPART       显示或配置磁盘分区属性。
DOSKEY         编辑命令行、撤回 Windows 命令并
               创建宏。
DRIVERQUERY    显示当前设备驱动程序状态和属性。
ECHO           显示消息，或将命令回显打开或关闭。
ENDLOCAL       结束批文件中环境更改的本地化。
ERASE          删除一个或多个文件。
EXIT           退出 CMD.EXE 程序(命令解释程序)。
FC             比较两个文件或两个文件集并显示
               它们之间的不同。
FIND           在一个或多个文件中搜索一个文本字符串。
FINDSTR        在多个文件中搜索字符串。
FOR            为一组文件中的每个文件运行一个指定的命令。
FORMAT         格式化磁盘，以便用于 Windows。
FSUTIL         显示或配置文件系统属性。
FTYPE          显示或修改在文件扩展名关联中使用的文件
               类型。
GOTO           将 Windows 命令解释程序定向到批处理程序
               中某个带标签的行。
GPRESULT       显示计算机或用户的组策略信息。
GRAFTABL       使 Windows 在图形模式下显示扩展
               字符集。
HELP           提供 Windows 命令的帮助信息。
ICACLS         显示、修改、备份或还原文件和
               目录的 ACL。
IF             在批处理程序中执行有条件的处理操作。
LABEL          创建、更改或删除磁盘的卷标。
MD             创建一个目录。
MKDIR          创建一个目录。
MKLINK         创建符号链接和硬链接
MODE           配置系统设备。
MORE           逐屏显示输出。
MOVE           将一个或多个文件从一个目录移动到另一个
               目录。
OPENFILES      显示远程用户为了文件共享而打开的文件。
PATH           为可执行文件显示或设置搜索路径。
PAUSE          暂停批处理文件的处理并显示消息。
POPD           还原通过 PUSHD 保存的当前目录的上一个
               值。
PRINT          打印一个文本文件。
PROMPT         更改 Windows 命令提示。
PUSHD          保存当前目录，然后对其进行更改。
RD             删除目录。
RECOVER        从损坏的或有缺陷的磁盘中恢复可读信息。
REM            记录批处理文件或 CONFIG.SYS 中的注释(批注)。
REN            重命名文件。
RENAME         重命名文件。
REPLACE        替换文件。
RMDIR          删除目录。
ROBOCOPY       复制文件和目录树的高级实用工具
SET            显示、设置或删除 Windows 环境变量。
SETLOCAL       开始本地化批处理文件中的环境更改。
SC             显示或配置服务(后台进程)。
SCHTASKS       安排在一台计算机上运行命令和程序。
SHIFT          调整批处理文件中可替换参数的位置。
SHUTDOWN       允许通过本地或远程方式正确关闭计算机。
SORT           对输入排序。
START          启动单独的窗口以运行指定的程序或命令。
SUBST          将路径与驱动器号关联。
SYSTEMINFO     显示计算机的特定属性和配置。
TASKLIST       显示包括服务在内的所有当前运行的任务。
TASKKILL       中止或停止正在运行的进程或应用程序。
TIME           显示或设置系统时间。
TITLE          设置 CMD.EXE 会话的窗口标题。
TREE           以图形方式显示驱动程序或路径的目录
               结构。
TYPE           显示文本文件的内容。
VER            显示 Windows 的版本。
VERIFY         告诉 Windows 是否进行验证，以确保文件
               正确写入磁盘。
VOL            显示磁盘卷标和序列号。
XCOPY          复制文件和目录树。
WMIC           在交互式命令 shell 中显示 WMI 信息。

有关工具的详细信息，请参阅联机帮助中的命令行参考。
child process exited abnormally
reset_run synth_1
WARNING: [Vivado 12-1017] Problems encountered:
1. Failed to delete one or more files in run directory G:/00Astar/Asatr16x16/top_astargnps/top_astargnps.runs/synth_1

close_hw
launch_runs impl_1 -to_step write_bitstream -jobs 4
[Sat May 14 18:55:37 2022] Launched synth_1...
Run output will be captured here: G:/00Astar/Asatr16x16/top_astargnps/top_astargnps.runs/synth_1/runme.log
[Sat May 14 18:55:37 2022] Launched impl_1...
Run output will be captured here: G:/00Astar/Asatr16x16/top_astargnps/top_astargnps.runs/impl_1/runme.log
reset_run synth_1
WARNING: [Vivado 12-1017] Problems encountered:
1. PID not specified

launch_runs synth_1 -jobs 4
[Sat May 14 18:57:24 2022] Launched synth_1...
Run output will be captured here: G:/00Astar/Asatr16x16/top_astargnps/top_astargnps.runs/synth_1/runme.log
reset_run synth_1
WARNING: [Vivado 12-1017] Problems encountered:
1. PID not specified

launch_runs impl_1 -to_step write_bitstream -jobs 4
[Sat May 14 19:00:19 2022] Launched synth_1...
Run output will be captured here: G:/00Astar/Asatr16x16/top_astargnps/top_astargnps.runs/synth_1/runme.log
[Sat May 14 19:00:19 2022] Launched impl_1...
Run output will be captured here: G:/00Astar/Asatr16x16/top_astargnps/top_astargnps.runs/impl_1/runme.log
reset_run synth_1
WARNING: [Vivado 12-1017] Problems encountered:
1. PID not specified

exit
INFO: [Common 17-206] Exiting Vivado at Sat May 14 19:00:57 2022...
