#-----------------------------------------------------------
# Vivado v2018.3 (64-bit)
# SW Build 2405991 on Thu Dec  6 23:38:27 MST 2018
# IP Build 2404404 on Fri Dec  7 01:43:56 MST 2018
# Start of session at: Wed May 18 22:31:13 2022
# Process ID: 6416
# Current directory: G:/01Astar/Asatr64x64/top_astargnps
# Command line: vivado.exe -gui_launcher_event rodinguilauncherevent5804 G:\01Astar\Asatr64x64\top_astargnps\top_astargnps.xpr
# Log file: G:/01Astar/Asatr64x64/top_astargnps/vivado.log
# Journal file: G:/01Astar/Asatr64x64/top_astargnps\vivado.jou
#-----------------------------------------------------------
start_gui
open_project G:/01Astar/Asatr64x64/top_astargnps/top_astargnps.xpr
Scanning sources...
Finished scanning sources
INFO: [IP_Flow 19-234] Refreshing IP repositories
INFO: [IP_Flow 19-1704] No user IP repositories specified
INFO: [IP_Flow 19-2313] Loaded Vivado IP repository 'D:/Xilinx/Vivado/2018.3/data/ip'.
open_project: Time (s): cpu = 00:00:20 ; elapsed = 00:00:14 . Memory (MB): peak = 786.359 ; gain = 182.500
update_compile_order -fileset sources_1
open_hw
connect_hw_server
INFO: [Labtools 27-2285] Connecting to hw_server url TCP:localhost:3121
INFO: [Labtools 27-2222] Launching hw_server...
INFO: [Labtools 27-2221] Launch Output:

****** Xilinx hw_server v2018.3
  **** Build date : Dec  7 2018-00:40:27
    ** Copyright 1986-2018 Xilinx, Inc. All Rights Reserved.


open_hw_target
INFO: [Labtoolstcl 44-466] Opening hw_target localhost:3121/xilinx_tcf/Digilent/210249A14E25
ERROR: [Labtools 27-2269] No devices detected on target localhost:3121/xilinx_tcf/Digilent/210249A14E25.
Check cable connectivity and that the target board is powered up then
use the disconnect_hw_server and connect_hw_server to re-register this hardware target.
ERROR: [Common 17-39] 'open_hw_target' failed due to earlier errors.
set_property PROBES.FILE {G:/01Astar/Asatr64x64/top_astargnps/top_astargnps.runs/impl_1/top_astargnps.ltx} [get_hw_devices xc7vx485t_0]
set_property FULL_PROBES.FILE {G:/01Astar/Asatr64x64/top_astargnps/top_astargnps.runs/impl_1/top_astargnps.ltx} [get_hw_devices xc7vx485t_0]
set_property PROGRAM.FILE {G:/01Astar/Asatr64x64/top_astargnps/top_astargnps.runs/impl_1/top_astargnps.bit} [get_hw_devices xc7vx485t_0]
program_hw_devices [get_hw_devices xc7vx485t_0]
INFO: [Labtools 27-3164] End of startup status: HIGH
program_hw_devices: Time (s): cpu = 00:00:18 ; elapsed = 00:00:17 . Memory (MB): peak = 1858.457 ; gain = 0.000
refresh_hw_device [lindex [get_hw_devices xc7vx485t_0] 0]
INFO: [Labtools 27-2302] Device xc7vx485t (JTAG device index = 0) is programmed with a design that has 2 ILA core(s).
display_hw_ila_data [ get_hw_ila_data hw_ila_data_1 -of_objects [get_hw_ilas -of_objects [get_hw_devices xc7vx485t_0] -filter {CELL_NAME=~"astar_gnps_i/ila_astar_i"}]]
display_hw_ila_data [ get_hw_ila_data hw_ila_data_2 -of_objects [get_hw_ilas -of_objects [get_hw_devices xc7vx485t_0] -filter {CELL_NAME=~"u_ila_0"}]]
run_hw_ila [get_hw_ilas -of_objects [get_hw_devices xc7vx485t_0] -filter {CELL_NAME=~"astar_gnps_i/ila_astar_i"}]
INFO: [Labtools 27-1964] The ILA core 'hw_ila_1' trigger was armed at 2022-May-18 22:33:34
wait_on_hw_ila [get_hw_ilas -of_objects [get_hw_devices xc7vx485t_0] -filter {CELL_NAME=~"astar_gnps_i/ila_astar_i"}]
display_hw_ila_data [upload_hw_ila_data [get_hw_ilas -of_objects [get_hw_devices xc7vx485t_0] -filter {CELL_NAME=~"astar_gnps_i/ila_astar_i"}]]
INFO: [Labtools 27-1966] The ILA core 'hw_ila_1' triggered at 2022-May-18 22:33:45
INFO: [Labtools 27-3304] ILA Waveform data saved to file G:/01Astar/Asatr64x64/top_astargnps/top_astargnps.hw/backup/hw_ila_data_1.ila. Use Tcl command 'read_hw_ila_data' or Vivado File->Import->Import ILA Data menu item to import the previously saved data.
write_hw_ila_data {G:\01Astar\Asatr64x64\iladata.ila} hw_ila_data_1
G:/01Astar/Asatr64x64/iladata.ila
save_wave_config {G:/01Astar/Asatr64x64/top_astargnps/top_astargnps.hw/hw_1/wave/hw_ila_data_1/hw_ila_data_1.wcfg}
exit
INFO: [Common 17-206] Exiting Vivado at Wed May 18 22:36:23 2022...
